 ***************************************************************************
  MINUIT RELEASE 96.03  INITIALIZED.   DIMENSIONS 100/ 50  EPSMAC=  0.89E-15
 ***************************************************************************
                          MINUIT DATA BLOCK NO.   1
 ***************************************************************************
 ***param-N|*param***|****value|****error|******min
 ******************************************************************************

 PARAMETER DEFINITIONS:
    NO.   NAME         VALUE      STEP SIZE      LIMITS
     1 ' a_2      '    4.0610      0.50000E-02     1.0000       8.0000    
     2 ' a_1      '    2.8700      constant
     3 ' s1       '   0.36200E-02  0.10000E-03    0.10000E-03  0.50000E-01
     4 ' s2       '   0.52300E-02  constant
     5 ' s3       '   0.66400E-02  constant
     6 ' s4a      '   0.79500E-02  constant
     7 ' s4b      '   0.77400E-02  constant
     8 ' s4c      '   0.70300E-02  constant
     9 ' s7       '   0.71000E-02  constant
    10 ' n1       '    1.0000      constant
    11 ' de       '    8.2160      0.10000         2.0000       15.000    
    12 ' gamma    '    0.0000      constant
    13 ' c1       '    0.0000      constant
    14 ' c2       '    0.0000      constant
    15 ' c1       '    0.0000      constant
    16 ' c2       '    0.0000      constant
    17 ' so2      '   0.90000      constant
    ***************************************************************************

 MINUIT: FIRST CALL TO USER FUNCTION, WITH IFLAG=1
 # now reading input params
#### Input file data?
input file: Au_RT.bf                                                            
# Leading extension for output (A4)?
AuRT    # Leading extension for out (A4)?
# columns for K and k*chi(k)?
  1  2    # columns for K and k*chi(k)?
# Input file :
 Au_RT.bf                                                                       
  
# skip first     7 lines from input file
# read   527 data points back to FCN
# X_min and X_max for fit (X_min<0 full range)
   3.40000  22.00000     # X_min and X_max for fit
 used fit limits:            3.4000 19.9954
#### minimizes ((C(k)_e-C(k)_t) K^wt)^2    
     Note: input data must be K^1 weighted 
  2.000     # K-Weight for fit (WT)?
 17
# Number of shells? 
    1       # Number of shells? 
filter AF?  Y/N
    kmin kmax wt apoT apoW Rup dr  rL rR
def.: 0   0   0   0    0     0  0   0 0 
def.: x1  x_m wt  2    1.   8  .03 .5 2 
K-range:    2.50000  20.00000
K-weight:    2.00000
window  (1:H, 2:Gauss) and width:  2   1.00000
Rmax, dr:    8.00   0.01000
R-range in BF   1.50000   3.50000
Number of independent data points    23.282
# Shell type for shell 1
# G: Gaussian, M: metallic glasses, C: cumulant
G       # shell type 
shell type: G
# Parameter # and mult. for CN for shell  1
 &#10*12.00
# Parameter # for R 
 &#1/2.^0.5
# Parameter # for s^2 
  n_S^2:   3
# Parameter # for De and gamma
  n_de:  11 n_gamma  12
# A/F file type? 
feff      standard feff####.dat   
exp1      experimental: A_Exp, Ph_Exp
exp2      experimental: A_Exp, Ph_Exp, L
feff
#### using A/F file:  feff####
#  Amp: colum 3  Phi: columns 2+4
AF file:..\fasi_teoriche\AuAu_2b_2.89.dat                                               
# reading A/F file :
..\fasi_teoriche\AuAu_2b_2.89.dat                                               
# searcing comment lines in FEFF file
# Found ----- line #:    9
# Nleg=    2 Rfeff=     2.8822
path   1 geometry
     0.0000    0.0000    0.0000  0  79 Au       absorbing atom                
    -2.0380    2.0380    0.0000  1  79 Au                                     
skip first  14 lines
 read    63 data points 
AF file correctly read
# FIRST CALL to A/F interpolation: Amplitude
# FIRST CALL to A/F interpolation: Phase
# FIRST CALL to A/F interpolation: Lambda
Fourier tranform:  F
Statistical analysis:  S
#############  sigma?   
 s > 1      FT method up to R=s 
 0 < s < 1  constant value s    
 s = 0     spline evaluation   
 s = -1  spline evaluation and wariable w_i
 s < -1   FT method up to R=|s| and wariable w_i
sigma =   7.00000
#########  Statistics ##############
noise is estimated by Fourier filter
Estimated std.dev data (chi):0.2160E-03
Estimated Variance  (chi):0.4665E-07
######## end input,
  
 sgnl=sqrt(<C^2>)             =     0.84227E-02
 Wgt sgnl=sqrt(<(k^w * C)^2>) =     0.29754    
 
 std.dev  s_chi             =     0.21599E-03
 variance (chi)  s^2_chi    =     0.46651E-07
 wgt.std.dev          s_wt  =     0.44325E-01
 wgt.var.            s2_wt  =     0.19647E-02
 
 sig/noise                 =      38.996    
 sig/noise wgt             =      6.7128    
  
 inital F:     0.76221E-05
 inital Ro^2:      26.092    
 inital R^2:      3.6259    

 FCN=  0.7622147E-05 FROM PARAMETR  STATUS=RESET          2 CALLS        2 TOTAL
                     EDM= unknown      STRATEGY= 1      NO ERROR MATRIX       

  EXT PARAMETER               CURRENT GUESS      PHYSICAL LIMITS       
  NO.   NAME        VALUE          ERROR       NEGATIVE      POSITIVE  
   1     a_2        4.0610       0.50000E-02    1.0000        8.0000    
   2     a_1        2.8700       constant   
   3     s1        0.36200E-02   0.10000E-03   0.10000E-03   0.50000E-01
   4     s2        0.52300E-02   constant   
   5     s3        0.66400E-02   constant   
   6     s4a       0.79500E-02   constant   
   7     s4b       0.77400E-02   constant   
   8     s4c       0.70300E-02   constant   
   9     s7        0.71000E-02   constant   
  10     n1         1.0000       constant   
  11     de         8.2160       0.10000        2.0000        15.000    
  12     gamma      0.0000       constant   
  13     c1         0.0000       constant   
  14     c2         0.0000       constant   
  15     c1         0.0000       constant   
  16     c2         0.0000       constant   
  17     so2       0.90000       constant   
 **********
 **    1 ** 
 **********
           BLANK COMMAND IGNORED.
 **********
 **    2 ** 
 **********
           BLANK COMMAND IGNORED.
 **********
 **    3 ** 
 **********
           BLANK COMMAND IGNORED.
 **********
 **    4 ** 
 **********
           BLANK COMMAND IGNORED.
 **********
 **    5 **MINIMIZE 
 **********
 START MIGRAD MINIMIZATION.  STRATEGY 1.  CONVERGENCE WHEN EDM .LT. 0.10E-03

 FCN=  0.7622147E-05 FROM MIGRAD    STATUS=INITIATE      12 CALLS       14 TOTAL
                     EDM= unknown      STRATEGY= 1      NO ERROR MATRIX       

  EXT PARAMETER               CURRENT GUESS       STEP         FIRST   
  NO.   NAME        VALUE          ERROR          SIZE      DERIVATIVE 
   1     a_2        4.0610       0.50000E-02   0.14399E-02   0.10446E-03
   2     a_1        2.8700       constant   
   3     s1        0.36200E-02   0.10000E-03   0.78272E-02  -0.95917E-04
   4     s2        0.52300E-02   constant   
   5     s3        0.66400E-02   constant   
   6     s4a       0.79500E-02   constant   
   7     s4b       0.77400E-02   constant   
   8     s4c       0.70300E-02   constant   
   9     s7        0.71000E-02   constant   
  10     n1         1.0000       constant   
  11     de         8.2160       0.10000       0.15400E-01  -0.39832E-06
  12     gamma      0.0000       constant   
  13     c1         0.0000       constant   
  14     c2         0.0000       constant   
  15     c1         0.0000       constant   
  16     c2         0.0000       constant   
  17     so2       0.90000       constant   

 MIGRAD MINIMIZATION HAS CONVERGED.

 MIGRAD WILL VERIFY CONVERGENCE AND ERROR MATRIX.
 COVARIANCE MATRIX CALCULATED SUCCESSFULLY

 FCN=  0.1017851E-05 FROM MIGRAD    STATUS=CONVERGED     47 CALLS       49 TOTAL
                     EDM=  0.27E-05    STRATEGY= 1      ERROR MATRIX ACCURATE 

  EXT PARAMETER                                   STEP         FIRST   
  NO.   NAME        VALUE          ERROR          SIZE      DERIVATIVE 
   1     a_2        4.0256        4.7412       0.65879E-02  -0.95803E-04
   2     a_1        2.8700       constant   
   3     s1        0.61761E-02   0.25330E-01   0.53888E-01  -0.10123E-04
   4     s2        0.52300E-02   constant   
   5     s3        0.66400E-02   constant   
   6     s4a       0.79500E-02   constant   
   7     s4b       0.77400E-02   constant   
   8     s4c       0.70300E-02   constant   
   9     s7        0.71000E-02   constant   
  10     n1         1.0000       constant   
  11     de         10.097        8.5034       0.15400       0.15510E-05
  12     gamma      0.0000       constant   
  13     c1         0.0000       constant   
  14     c2         0.0000       constant   
  15     c1         0.0000       constant   
  16     c2         0.0000       constant   
  17     so2       0.90000       constant   

 EXTERNAL ERROR MATRIX.    NDIM=  50    NPAR=  3    ERR DEF=  1.00    
  0.113E+05 0.367E+02 0.178E+07
  0.367E+02 0.340E+01 0.886E+04
  0.178E+07 0.886E+04 0.350E+09

 PARAMETER  CORRELATION COEFFICIENTS
       NO.  GLOBAL     1     3    11
        1  0.89684  1.000 0.187 0.896
        3  0.27398  0.187 1.000 0.257
       11  0.90032  0.896 0.257 1.000
 END OF DATA ON UNIT NO. 15
 TWO CONSECUTIVE EOFs ON PRIMARY INPUT FILE WILL TERMINATE EXECUTION.

 END OF DATA ON UNIT NO. 15
 ..........MINUIT TERMINATED BY END-OF-DATA ON PRIMARY INPUT FILE.   
