# statistical data 
# Number of points:   589
# sigma^2 Noise :    0.103E-06
# sigma   Noise :    0.321E-03
# sigma^2 k*Noise:   0.663E-05
# sigma   k*Noise:   0.257E-02
# Signal to Noise ratio:   25.4    
# K weighted S/N  ratio:   15.6    
# K              data derivative  Discontinuities  Noise spectrum   average Noise    
 0.1895244878       0.000000000       0.000000000       0.000000000       0.000000000     
 0.5590727933       0.000000000       0.000000000       0.000000000       0.000000000     
 0.7591185585       0.000000000       0.000000000       0.000000000       0.000000000     
 0.9156851750       0.000000000       0.000000000       0.000000000       0.000000000     
  1.047460228       0.000000000       0.000000000       0.000000000       0.000000000     
  1.169680305       0.000000000       0.000000000       0.000000000       0.000000000     
  1.279407868       0.000000000       0.000000000       0.000000000       0.000000000     
  1.379533672       0.000000000       0.000000000       0.000000000       0.000000000     
  1.469591518       0.000000000       0.000000000       0.000000000       0.000000000     
  1.560270663       0.000000000       0.000000000       0.000000000       0.000000000     
  1.642484309       0.000000000       0.000000000       0.000000000       0.000000000     
  1.721382187       0.000000000       0.000000000       0.000000000       0.000000000     
  1.794557214       0.000000000       0.000000000       0.000000000       0.000000000     
  1.866038630       0.000000000       0.000000000       0.000000000       0.000000000     
  1.934562956       0.000000000       0.000000000       0.000000000       0.000000000     
  2.005088864       0.000000000       0.000000000       0.000000000       0.000000000     
  2.072735927       0.000000000       0.000000000       0.000000000       0.000000000     
  2.136822090       0.000000000       0.000000000       0.000000000       0.000000000     
  2.201143331       0.000000000       0.000000000       0.000000000       0.000000000     
  2.259071791       0.000000000       0.000000000       0.000000000       0.000000000     
  2.318595062       0.000000000       0.000000000       0.000000000       0.000000000     
  2.374916824       0.000000000       0.000000000       0.000000000       0.000000000     
  2.431678831       0.000000000       0.000000000       0.000000000       0.000000000     
  2.486024295       0.000000000       0.000000000       0.000000000       0.000000000     
  2.538208749       0.000000000       0.000000000       0.000000000       0.000000000     
  2.591721050       0.000000000       0.000000000       0.000000000       0.000000000     
  2.642466134       0.000000000       0.000000000       0.000000000       0.000000000     
  2.693641772       0.000000000       0.000000000       0.000000000       0.000000000     
  2.745830903       0.000000000       0.000000000       0.000000000       0.000000000     
  2.796002810       0.000000000       0.000000000       0.000000000       0.000000000     
  2.844849668       0.000000000       0.000000000       0.000000000       0.000000000     
  2.891817895       0.000000000       0.000000000       0.000000000       0.000000000     
  2.940614981       0.000000000       0.000000000       0.000000000       0.000000000     
  2.985965222       0.000000000       0.000000000       0.000000000       0.000000000     
  3.031913144      0.2091059955       0.000000000     -0.1786461504E-02  0.1062887847E-02 
  3.075350572      0.2837968306       0.000000000     -0.1488288525E-02  0.1037274294E-02 
  3.117738093      0.3482839576       0.000000000     -0.1292756360E-02  0.1014140389E-02 
  3.162160499      0.3647421673       0.000000000      0.5798062399E-03  0.1000781954E-02 
  3.204695015      0.3346200613       0.000000000      0.7084323838E-03  0.9861813554E-03 
  3.246601197      0.2998911346       0.000000000      0.7502280201E-03  0.9667276490E-03 
  3.288292990      0.2499757688       0.000000000      0.1357906733E-02  0.9520820174E-03 
  3.331588855      0.1755333990       0.000000000      0.1801609673E-02  0.9427932180E-03 
  3.373158449      0.8732148373E-01   0.000000000      0.1837923438E-02  0.9483375777E-03 
  3.412048503      0.7273875812E-02   0.000000000      0.1362107634E-02  0.9385523198E-03 
  3.452589833     -0.6442469329E-01   0.000000000      0.1466325203E-02  0.9265626965E-03 
  3.490571715     -0.1243487499       0.000000000      0.8493567839E-03  0.9142483592E-03 
  3.527969541     -0.1496075117       0.000000000      0.1013178376E-03  0.9023214595E-03 
  3.565017404     -0.1583342591       0.000000000      0.2216578476E-03  0.8885548460E-03 
  3.601797878     -0.1588227326       0.000000000     -0.2075214808E-03  0.8762960952E-03 
  3.640296150     -0.1386091095       0.000000000     -0.5512459468E-03  0.8703206819E-03 
  3.676860736     -0.1164157244       0.000000000     -0.2697120849E-03  0.8582819334E-03 
  3.712275642     -0.9749715701E-01   0.000000000     -0.4059765006E-03  0.8524514308E-03 
  3.747945186     -0.8282441843E-01   0.000000000     -0.1172061124E-03  0.8492270119E-03 
  3.784406271     -0.6572884125E-01   0.000000000     -0.4916267424E-03  0.8382868242E-03 
  3.819010543     -0.4767122344E-01   0.000000000     -0.1489846094E-03  0.8296652937E-03 
  3.855179402     -0.4372167008E-01   0.000000000      0.9256925970E-05  0.7807047101E-03 
  3.889530552     -0.4909570810E-01   0.000000000      0.1785463992E-03  0.7497955143E-03 
  3.925062336     -0.7233681695E-01   0.000000000      0.6398499386E-03  0.7409940690E-03 
  3.960119267     -0.1064539427       0.000000000      0.5525432266E-03  0.8017123463E-03 
  3.994198722     -0.1269641104       0.000000000      0.1508996574E-03  0.8294656997E-03 
  4.026876805     -0.1449139291       0.000000000      0.4515591682E-03  0.8402727442E-03 
  4.061517302     -0.1387787421       0.000000000     -0.6566810790E-03  0.8123821144E-03 
  4.094078919     -0.8646668184E-01   0.000000000     -0.1087401540E-02  0.7645304562E-03 
  4.127949550     -0.3537445033E-01   0.000000000     -0.6032385443E-03  0.7113488924E-03 
  4.159909825     -0.2895832976E-02   0.000000000     -0.4582790238E-03  0.6845265824E-03 
  4.192800265      0.2317093885E-01   0.000000000     -0.3947138361E-03  0.6464014275E-03 
  4.226080934      0.4672935999E-01   0.000000000     -0.3775401803E-03  0.6347881349E-03 
  4.257775858      0.5912482625E-01   0.000000000     -0.2433214332E-04  0.6347117784E-03 
  4.289482555      0.6722313356E-01   0.000000000     -0.2322589261E-03  0.6350078289E-03 
  4.321141547      0.9495138233E-01   0.000000000     -0.6345142589E-03  0.6372049649E-03 
  4.351716355      0.1182974585       0.000000000     -0.9105193377E-04  0.6372091220E-03 
  4.382907576      0.1407514253       0.000000000     -0.6062951155E-03  0.6448189636E-03 
  4.413884035      0.1837882021       0.000000000     -0.7198404874E-03  0.6449695831E-03 
  4.444098369      0.2084358065       0.000000000     -0.3434400490E-04  0.6459954290E-03 
  4.475441240      0.1981042756       0.000000000      0.3570893398E-03  0.6458360202E-03 
  4.506485758      0.1803284596       0.000000000      0.1940579780E-03  0.6488078931E-03 
  4.536782790      0.1556439459       0.000000000      0.5681034171E-03  0.6506538362E-03 
  4.568411278      0.1128380268       0.000000000      0.1070688977E-02  0.6548221515E-03 
  4.639568034      0.5638851074E-01   0.000000000      0.2020642054E-02  0.6556572255E-03 
  4.696322810     -0.2737080190E-02   0.000000000      0.1520757336E-02  0.6626289939E-03 
  4.751711964     -0.5028093363E-01   0.000000000      0.1133419423E-02  0.6640442249E-03 
  4.807343279     -0.7093136503E-01   0.000000000      0.1293454554E-04  0.6605172491E-03 
  4.863155556     -0.6261120238E-01   0.000000000     -0.4769509006E-03  0.6532672083E-03 
  4.918880929     -0.4527428261E-01   0.000000000     -0.4882414283E-03  0.6302356786E-03 
  4.974314440     -0.2562675909E-01   0.000000000     -0.5980911481E-03  0.6231663755E-03 
  5.029002330     -0.8386222884E-02   0.000000000     -0.3470390965E-03  0.6189768422E-03 
  5.083147059      0.4590736555E-02   0.000000000     -0.3553220749E-03  0.6186962329E-03 
  5.136690183      0.9690194385E-02   0.000000000      0.7992447836E-04  0.6160882291E-03 
  5.189725424      0.3406252138E-02   0.000000000      0.2533145258E-03  0.6162442466E-03 
  5.242589353     -0.8913718550E-02   0.000000000      0.3935405227E-03  0.6151537979E-03 
  5.294185183     -0.2724701104E-01   0.000000000      0.5514381280E-03  0.6078804465E-03 
  5.344742628     -0.5166012432E-01   0.000000000      0.6804306232E-03  0.6122691744E-03 
  5.394146379     -0.7374473244E-01   0.000000000      0.4154366536E-03  0.6052817202E-03 
  5.442856307     -0.8749255661E-01   0.000000000      0.2582837988E-03  0.5945642090E-03 
  5.492003026     -0.8283754421E-01   0.000000000     -0.4831766553E-03  0.5956817579E-03 
  5.540144666     -0.6426930405E-01   0.000000000     -0.4196392509E-03  0.5935262688E-03 
  5.589214703     -0.4933038620E-01   0.000000000     -0.3098951189E-03  0.5937887402E-03 
  5.638452340     -0.3260726386E-01   0.000000000     -0.4995440346E-03  0.5869612750E-03 
  5.685176070     -0.7867247449E-02   0.000000000     -0.6731878123E-03  0.5633095170E-03 
  5.732466493      0.2397552864E-01   0.000000000     -0.8203264396E-03  0.4670838993E-03 
  5.778823179      0.4822727601E-01   0.000000000     -0.3128460762E-03  0.4046238292E-03 
  5.825431138      0.5772443819E-01   0.000000000     -0.1305290538E-03  0.3729540754E-03 
  5.873195177      0.5571632640E-01   0.000000000      0.2241214045E-03  0.3839013743E-03 
  5.919336091      0.5092314373E-01   0.000000000      0.8447378220E-06  0.3921346523E-03 
  5.965070833      0.4873158697E-01   0.000000000      0.9731177480E-04  0.3902315579E-03 
  6.008932777      0.4559495860E-01   0.000000000      0.4312360015E-04  0.3876602368E-03 
  6.054626428      0.3630621048E-01   0.000000000      0.3767053356E-03  0.3931961192E-03 
  6.099438029      0.2534933070E-01   0.000000000      0.1171481332E-03  0.3930857128E-03 
  6.143662428      0.2065230588E-01   0.000000000      0.9100918600E-04  0.3930375587E-03 
  6.187565237      0.1893442097E-01   0.000000000     -0.1526929185E-04  0.3912009307E-03 
  6.231531265      0.1435401379E-01   0.000000000      0.2163007905E-03  0.3930059734E-03 
  6.275350699     -0.1287624165E-02   0.000000000      0.4716848987E-03  0.3833081033E-03 
  6.319586028     -0.8177482360E-02   0.000000000     -0.1651984306E-03  0.3688147299E-03 
  6.361802644     -0.5795089027E-02   0.000000000      0.6161038769E-04  0.3638090800E-03 
  6.405084287     -0.1877725348E-02   0.000000000     -0.2332077053E-03  0.3622875637E-03 
  6.448842617      0.7159274818E-02   0.000000000     -0.1580499868E-03  0.3553256864E-03 
  6.491050891      0.1614028688E-01   0.000000000     -0.2238837835E-03  0.3537245091E-03 
  6.533282345      0.2104675847E-01   0.000000000      0.1674245410E-04  0.3510146063E-03 
  6.575537130      0.1484895520E-01   0.000000000      0.2411178746E-03  0.3420349030E-03 
  6.616427787      0.7581504818E-03   0.000000000      0.3420301049E-03  0.3266525946E-03 
  6.658066825     -0.1636915782E-01   0.000000000      0.3671863818E-03  0.3005630351E-03 
  6.699521110     -0.3852584265E-01   0.000000000      0.5473678430E-03  0.2972670353E-03 
  6.740268210     -0.6605426981E-01   0.000000000      0.5758369710E-03  0.2967353995E-03 
  6.780571894     -0.9745375159E-01   0.000000000      0.6950215652E-03  0.2992306921E-03 
  6.821133598     -0.1042112670       0.000000000     -0.4228747090E-03  0.3024298656E-03 
  6.861642568     -0.8078934218E-01   0.000000000     -0.5269768856E-03  0.3080176623E-03 
  6.902271604     -0.5439427984E-01   0.000000000     -0.5416136019E-03  0.3125313507E-03 
  6.942450423     -0.3223383121E-01   0.000000000     -0.3504017071E-03  0.3114123651E-03 
  6.982318357     -0.2172343402E-01   0.000000000     -0.6981202352E-04  0.3256490730E-03 
  7.021993392     -0.2204186720E-01   0.000000000      0.8095723132E-04  0.3255348572E-03 
  7.060415720     -0.1225292738E-01   0.000000000     -0.4598860963E-03  0.3262971223E-03 
  7.099534377      0.9955559901E-03   0.000000000     -0.5422440170E-04  0.3245966324E-03 
  7.138674519      0.6544734097E-02   0.000000000     -0.1641765847E-03  0.3191371294E-03 
  7.178405266      0.1487598794E-01   0.000000000     -0.1609263262E-03  0.3217725629E-03 
  7.215958622      0.2297707505E-01   0.000000000     -0.1500660051E-03  0.3236613147E-03 
  7.254731306      0.3172126394E-01   0.000000000     -0.1833637450E-03  0.3367049210E-03 
  7.292208321      0.4613433535E-01   0.000000000     -0.3615031106E-03  0.3364132124E-03 
  7.330029379      0.5948543608E-01   0.000000000     -0.1401570666E-03  0.3437982080E-03 
  7.366989050      0.6258210016E-01   0.000000000      0.2467963971E-04  0.3467793928E-03 
  7.405739695      0.6733355071E-01   0.000000000     -0.2043123550E-03  0.3471946186E-03 
  7.442652227      0.7641016749E-01   0.000000000     -0.1355886665E-03  0.3461201911E-03 
  7.479572601      0.8380731274E-01   0.000000000     -0.1380389672E-03  0.3422698749E-03 
  7.516782303      0.8573764798E-01   0.000000000      0.6637858599E-04  0.3316749958E-03 
  7.553577310      0.7482459359E-01   0.000000000      0.3312322362E-03  0.3193169729E-03 
  7.589440109      0.5815038629E-01   0.000000000      0.2774767981E-03  0.3006795018E-03 
  7.627074056      0.4014962649E-01   0.000000000      0.3819840968E-03  0.2957730426E-03 
  7.662636207      0.2016798247E-01   0.000000000      0.3374881325E-03  0.2865675423E-03 
  7.697857639      0.1109645704E-02   0.000000000      0.3376085739E-03  0.2734727552E-03 
  7.733548038     -0.2569587271E-01   0.000000000      0.6136040976E-03  0.2698887291E-03 
  7.768865536     -0.4504618662E-01   0.000000000      0.7285363443E-04  0.2697493965E-03 
  7.804035817     -0.5114478690E-01   0.000000000      0.1418023317E-03  0.2758071743E-03 
  7.839213362     -0.5658992611E-01   0.000000000      0.5012485743E-04  0.2675560295E-03 
  7.874954501     -0.6610701373E-01   0.000000000      0.2861957175E-03  0.2688819141E-03 
  7.909859126     -0.8315431535E-01   0.000000000      0.3079829811E-03  0.2680326960E-03 
  7.943836998     -0.9875367633E-01   0.000000000      0.2292562243E-03  0.2668738017E-03 
  7.978764784     -0.8752984937E-01   0.000000000     -0.6316075686E-03  0.2665794801E-03 
  8.014498583     -0.6597744440E-01   0.000000000     -0.1308649076E-03  0.2657978470E-03 
  8.050021110     -0.4804995428E-01   0.000000000     -0.5010571648E-03  0.2598008205E-03 
  8.084808459     -0.2558370100E-01   0.000000000     -0.2874541507E-03  0.2597651477E-03 
  8.120033267     -0.9739224098E-02   0.000000000     -0.2639395122E-03  0.2602472500E-03 
  8.153992646      0.6563325872E-02   0.000000000     -0.2952760262E-03  0.2592416617E-03 
  8.188148703      0.2023929924E-01   0.000000000     -0.1697205408E-03  0.2608623213E-03 
  8.221802803      0.2873808242E-01   0.000000000     -0.1183088277E-03  0.2624459406E-03 
  8.255896874      0.2934712987E-01   0.000000000      0.9894074859E-04  0.2688352552E-03 
  8.290426122      0.2217346597E-01   0.000000000      0.1443894747E-03  0.2658312681E-03 
  8.323254899      0.1027723520E-01   0.000000000      0.2485240770E-03  0.2703278933E-03 
  8.355774722     -0.5010426436E-02   0.000000000      0.2515455853E-03  0.2650198419E-03 
  8.388752923     -0.1272159075E-01   0.000000000      0.9763788004E-06  0.2607920820E-03 
  8.421360146     -0.6272478843E-02   0.000000000     -0.2118595953E-03  0.2587987201E-03 
  8.454153449      0.1502979640E-02   0.000000000     -0.4319896015E-04  0.2414064370E-03 
  8.488012884      0.1408688491E-01   0.000000000     -0.3724895880E-03  0.2418228904E-03 
  8.520197273      0.3100291050E-01   0.000000000     -0.1793334421E-03  0.2421402084E-03 
  8.551740516      0.4219365335E-01   0.000000000     -0.1771735781E-03  0.2472574777E-03 
  8.583911458      0.5063215801E-01   0.000000000     -0.9335763099E-04  0.2434886053E-03 
  8.616657228      0.5453261383E-01   0.000000000     -0.3318553719E-04  0.2402553071E-03 
  8.648733724      0.5158386192E-01   0.000000000      0.1274344198E-03  0.2377356342E-03 
  8.680811420      0.5167197036E-01   0.000000000     -0.1302970192E-03  0.2159369337E-03 
  8.712905816      0.5361123244E-01   0.000000000      0.6784787412E-04  0.2162937013E-03 
  8.744771378      0.4723259869E-01   0.000000000      0.1374868289E-03  0.2015290650E-03 
  8.777510418      0.3979074423E-01   0.000000000      0.1031360825E-03  0.1990766689E-03 
  8.809546277      0.3204433557E-01   0.000000000      0.1443878833E-03  0.1948431997E-03 
  8.840825444      0.2020722761E-01   0.000000000      0.2282558782E-03  0.1895228577E-03 
  8.872293110      0.5673289710E-02   0.000000000      0.2284810718E-03  0.1876858405E-03 
  8.903781619     -0.1356971669E-01   0.000000000      0.3744155776E-03  0.1891749284E-03 
  8.934779797     -0.3244564509E-01   0.000000000      0.2132358769E-03  0.1885842838E-03 
  8.965666995     -0.5278532405E-01   0.000000000      0.4164488501E-03  0.1903829276E-03 
  8.996713331     -0.6045881578E-01   0.000000000     -0.1795709296E-03  0.1865331759E-03 
  9.027857855     -0.5986757443E-01   0.000000000      0.1580442298E-03  0.1861600226E-03 
  9.057718819     -0.5633555772E-01   0.000000000     -0.2693515312E-03  0.1864261513E-03 
  9.089742321     -0.5297869753E-01   0.000000000      0.1688833960E-03  0.1837084542E-03 
  9.120765430     -0.5458664463E-01   0.000000000     -0.1155740054E-03  0.1866915506E-03 
  9.151371207     -0.4557064539E-01   0.000000000     -0.1620207083E-03  0.1778700326E-03 
  9.182311433     -0.2991561389E-01   0.000000000     -0.3204492031E-03  0.1765717689E-03 
  9.213056881     -0.1657808610E-01   0.000000000     -0.8902591873E-04  0.1743714294E-03 
  9.242734378     -0.7641099928E-02   0.000000000     -0.1796941365E-03  0.1737569385E-03 
  9.273069066      0.5198919745E-03   0.000000000     -0.6620562424E-04  0.1756881955E-03 
  9.303707547      0.4610427596E-02   0.000000000     -0.5787247501E-04  0.1750997053E-03 
  9.333403730      0.1411075583E-02   0.000000000      0.1526232596E-03  0.1744077809E-03 
  9.363347979     -0.1508218647E-02   0.000000000     -0.6556092301E-04  0.1741805473E-03 
  9.393035271      0.7710673058E-02   0.000000000     -0.2081637126E-03  0.1742545987E-03 
  9.422654098      0.1293633816E-01   0.000000000      0.5438897741E-04  0.1778960272E-03 
  9.453692021      0.8735531048E-02   0.000000000      0.7341373427E-04  0.1764276797E-03 
  9.483685142      0.5219497196E-02   0.000000000      0.3297738020E-04  0.1741815251E-03 
  9.513139952     -0.2352150915E-02   0.000000000      0.1909034598E-03  0.1704134699E-03 
  9.542769665     -0.9811967620E-02   0.000000000      0.2940093393E-04  0.1598897025E-03 
  9.572078308     -0.3421073503E-02   0.000000000     -0.2193476726E-03  0.1564658894E-03 
  9.602154136      0.1923467803E-02   0.000000000      0.6101540552E-04  0.1492029002E-03 
  9.631781690      0.7985353196E-02   0.000000000     -0.2402338749E-03  0.1488195831E-03 
  9.661427592      0.1395776931E-01   0.000000000      0.6298561431E-04  0.1467121659E-03 
  9.690826132      0.1413484599E-01   0.000000000     -0.6817578761E-04  0.1404206803E-03 
  9.720439380      0.2381929992E-01   0.000000000     -0.2146245718E-03  0.1381910600E-03 
  9.749055622      0.3468752439E-01   0.000000000     -0.1005436764E-03  0.1371325722E-03 
  9.777986985      0.3417614996E-01   0.000000000      0.1172779898E-03  0.1348801509E-03 
  9.807618710      0.2941361693E-01   0.000000000      0.2242117431E-04  0.1270893308E-03 
  9.837241484      0.2821827520E-01   0.000000000      0.1260074478E-04  0.1313035671E-03 
  9.865134109      0.2184249423E-01   0.000000000      0.1676186555E-03  0.1332481129E-03 
  9.893713571      0.1906840040E-01   0.000000000     -0.8934272162E-04  0.1330825641E-03 
  9.921632077      0.1925259632E-01   0.000000000      0.8546346096E-04  0.1353757721E-03 
  9.951136076      0.1496686650E-01   0.000000000      0.3787999864E-04  0.1341710622E-03 
  9.979623360      0.1857809736E-01   0.000000000     -0.1411903424E-03  0.1353415586E-03 
  10.00855692      0.1487007994E-01   0.000000000      0.2488580006E-03  0.1313265895E-03 
  10.03732300      0.6458079327E-02   0.000000000     -0.6086724808E-05  0.1314670991E-03 
  10.06543573      0.1548175815E-02   0.000000000      0.1435264674E-03  0.1331162582E-03 
  10.09334548     -0.4159851458E-02   0.000000000      0.1629360472E-04  0.1349094126E-03 
  10.12122896     -0.5936645158E-02   0.000000000      0.3384780697E-04  0.1318342450E-03 
  10.15012060     -0.8758969035E-02   0.000000000      0.4630164957E-04  0.1321529005E-03 
  10.17807030     -0.2074983542E-01   0.000000000      0.2909069965E-03  0.1275334027E-03 
  10.20627455     -0.3700404065E-01   0.000000000      0.1663617549E-03  0.1279578227E-03 
  10.23453173     -0.4261357395E-01   0.000000000     -0.8101340141E-05  0.1221903364E-03 
  10.26345335     -0.4172775394E-01   0.000000000     -0.1704583829E-04  0.1221968283E-03 
  10.29115009     -0.3891189593E-01   0.000000000     -0.6061077153E-04  0.1217231584E-03 
  10.31822639     -0.3520429582E-01   0.000000000     -0.4123447665E-04  0.1169562666E-03 
  10.34636489     -0.3222425344E-01   0.000000000     -0.4175188791E-04  0.1173646853E-03 
  10.37442442     -0.3595451115E-01   0.000000000      0.1450841385E-03  0.1158905797E-03 
  10.40199801     -0.3277097284E-01   0.000000000     -0.2268981347E-03  0.1163040530E-03 
  10.42847219     -0.1579229070E-01   0.000000000     -0.2299288956E-03  0.1164567405E-03 
  10.45560894     -0.5326954418E-02   0.000000000     -0.5118159958E-04  0.1135710977E-03 
  10.48273777      0.2636294413E-02   0.000000000     -0.1672556582E-03  0.1131695225E-03 
  10.51066684      0.4988030053E-02   0.000000000      0.1015127098E-03  0.1129858713E-03 
  10.53727087      0.6161835206E-02   0.000000000     -0.1300645067E-03  0.1128370925E-03 
  10.56376566      0.1022574958E-01   0.000000000      0.2248459271E-04  0.1109863121E-03 
  10.59113612      0.1186216355E-01   0.000000000     -0.6659701159E-04  0.1042468112E-03 
  10.61767101      0.1995456461E-01   0.000000000     -0.1511395995E-03  0.1075839450E-03 
  10.64492321      0.2039591989E-01   0.000000000      0.1425200477E-03  0.1053814779E-03 
  10.67270783      0.1745543381E-01   0.000000000     -0.6027331877E-04  0.1111110137E-03 
  10.69881314      0.1721291939E-01   0.000000000      0.6503270801E-04  0.1133261873E-03 
  10.72512066      0.1516282038E-01   0.000000000     -0.1133973390E-04  0.1141069413E-03 
  10.75137346      0.1899136519E-01   0.000000000     -0.8977918833E-04  0.1048757323E-03 
  10.77798018      0.2245596725E-01   0.000000000     -0.1808707100E-05  0.1025705141E-03 
  10.80492581      0.2015929843E-01   0.000000000      0.6348739646E-04  0.1032207472E-03 
  10.83168763      0.1760321072E-01   0.000000000      0.5141499238E-05  0.1066864451E-03 
  10.85852030      0.1653125097E-01   0.000000000      0.2352333149E-04  0.1066103752E-03 
  10.88514493      0.1121883079E-01   0.000000000      0.1180553831E-03  0.1070242116E-03 
  10.91179046      0.6810530498E-02   0.000000000     -0.6415220643E-06  0.1097272109E-03 
  10.93854480      0.9342375432E-02   0.000000000     -0.6590113468E-04  0.1136276133E-03 
  10.96436367      0.1033297011E-01   0.000000000      0.3975380894E-04  0.1078157025E-03 
  10.99095971      0.1031117413E-01   0.000000000     -0.3930504938E-04  0.1017760576E-03 
  11.01693791      0.9234199629E-02   0.000000000      0.6587856921E-04  0.1039961021E-03 
  11.04218952      0.3746379694E-02   0.000000000      0.7511760727E-04  0.1064788818E-03 
  11.06849055      0.1197333708E-02   0.000000000     -0.9538706134E-05  0.1065679218E-03 
  11.09426592      0.3800804986E-02   0.000000000     -0.5800684296E-04  0.1059006005E-03 
  11.12035139      0.8425922762E-02   0.000000000     -0.6251201148E-04  0.1060398524E-03 
  11.14662128      0.4391687426E-02   0.000000000      0.1682657163E-03  0.1090403668E-03 
  11.17275258     -0.3676662836E-02   0.000000000      0.4287042264E-04  0.1131584831E-03 
  11.19870925     -0.1391509830E-01   0.000000000      0.2233417580E-03  0.1109103272E-03 
  11.22473894     -0.1764237875E-01   0.000000000     -0.1450254065E-03  0.1105001420E-03 
  11.25961273     -0.1007161358E-01   0.000000000     -0.9615932391E-04  0.1111039006E-03 
  11.29584376     -0.9083308401E-02   0.000000000      0.6138312592E-04  0.1114956677E-03 
  11.33110950     -0.1342759731E-01   0.000000000      0.9245473988E-04  0.1115911674E-03 
  11.36623512     -0.1814084237E-01   0.000000000      0.7360790398E-04  0.1117695199E-03 
  11.40167204     -0.1546453273E-01   0.000000000     -0.1714338264E-03  0.1124770163E-03 
  11.43824368     -0.9173903247E-02   0.000000000     -0.5499678675E-04  0.1133629036E-03 
  11.47367712     -0.9686307106E-02   0.000000000      0.7236485957E-04  0.1150440216E-03 
  11.50917694     -0.1627376159E-01   0.000000000      0.1586769606E-03  0.1136995070E-03 
  11.54349007     -0.1398526166E-01   0.000000000     -0.2364241001E-03  0.1152604991E-03 
  11.57835583     -0.7105878759E-02   0.000000000     -0.1552942201E-05  0.1151661451E-03 
  11.61442932     -0.5728843399E-02   0.000000000     -0.4725362198E-04  0.1150076521E-03 
  11.64926289     -0.8533949571E-02   0.000000000      0.1445423489E-03  0.1150259786E-03 
  11.68428495     -0.6311492178E-02   0.000000000     -0.2210813788E-03  0.1160854637E-03 
  11.71878054      0.3085515256E-02   0.000000000     -0.1051837314E-03  0.1156887992E-03 
  11.75357257      0.9207470908E-02   0.000000000     -0.1060442600E-03  0.1161424387E-03 
  11.78752240      0.1109064219E-01   0.000000000      0.4106192068E-04  0.1198111131E-03 
  11.82186449      0.4844381501E-02   0.000000000      0.1739230109E-03  0.1206595002E-03 
  11.85649028      0.6830192359E-02   0.000000000     -0.2438130567E-03  0.1186297297E-03 
  11.89123331      0.1349764007E-01   0.000000000      0.1273968764E-04  0.1185000353E-03 
  11.92687851      0.1312644349E-01   0.000000000      0.3182489885E-06  0.1135001965E-03 
  11.96081071      0.1022779292E-01   0.000000000      0.9788292284E-04  0.1124721805E-03 
  11.99462953      0.9110424633E-02   0.000000000     -0.6014047634E-04  0.1115700064E-03 
  12.02868525      0.1363220692E-01   0.000000000     -0.9440599657E-04  0.1157099189E-03 
  12.06330167      0.1522460917E-01   0.000000000      0.3995933555E-04  0.1206258093E-03 
  12.09774473      0.1106959905E-01   0.000000000      0.1018665505E-03  0.1201231588E-03 
  12.13127571      0.5421000807E-02   0.000000000      0.8960571193E-04  0.1170375916E-03 
  12.16535471      0.6475272325E-02   0.000000000     -0.1261447848E-03  0.1171975120E-03 
  12.19936809      0.8976375132E-02   0.000000000      0.4043652878E-04  0.1168717903E-03 
  12.23253523      0.4207345712E-02   0.000000000      0.1195683986E-03  0.1166448312E-03 
  12.26645518     -0.1085464761E-02   0.000000000      0.5893465120E-04  0.1105414321E-03 
  12.30075709     -0.2495400472E-02   0.000000000     -0.1100581834E-04  0.1110637208E-03 
  12.33571223     -0.9568896106E-03   0.000000000     -0.4139462507E-04  0.1137207432E-03 
  12.36864107     -0.3354310496E-02   0.000000000      0.1188879756E-03  0.1124002169E-03 
  12.40143137     -0.8313774042E-02   0.000000000      0.4433047153E-04  0.1101171606E-03 
  12.43474171     -0.1160721787E-01   0.000000000      0.6555683601E-04  0.1088957588E-03 
  12.46860276     -0.7830158281E-02   0.000000000     -0.1949109132E-03  0.1103186302E-03 
  12.50278544     -0.5391732876E-02   0.000000000      0.1098555358E-03  0.1125094152E-03 
  12.53540668     -0.1158304830E-01   0.000000000      0.9426166948E-04  0.1095720875E-03 
  12.56778047     -0.1373434808E-01   0.000000000     -0.2465150992E-04  0.1030860984E-03 
  12.60122072     -0.1121444166E-01   0.000000000     -0.5901686312E-04  0.1064984156E-03 
  12.63444492     -0.6170339509E-02   0.000000000     -0.1083523879E-03  0.1065256824E-03 
  12.66742099     -0.3943835691E-02   0.000000000      0.3408244767E-04  0.1081981746E-03 
  12.69955972     -0.1133185828E-01   0.000000000      0.2034813211E-03  0.1083707223E-03 
  12.73160063     -0.1034989895E-01   0.000000000     -0.2345632117E-03  0.1080276793E-03 
  12.76362207     -0.3768696985E-02   0.000000000      0.2403373268E-04  0.1114616402E-03 
  12.79641119     -0.4178749192E-02   0.000000000     -0.1088756709E-04  0.1108151685E-03 
  12.82926666     -0.5923701762E-02   0.000000000      0.6725329561E-04  0.1118051725E-03 
  12.86119492     -0.6538764787E-02   0.000000000     -0.4676553081E-04  0.1123919388E-03 
  12.89325908     -0.4544394929E-03   0.000000000     -0.1518500221E-03  0.1185948043E-03 
  12.92693149      0.3531523656E-02   0.000000000      0.2078503024E-04  0.1211297617E-03 
  12.95860404      0.7431090704E-03   0.000000000      0.6805943294E-04  0.1209164189E-03 
  12.99019400      0.3688093337E-02   0.000000000     -0.1616267286E-03  0.1212803518E-03 
  13.02202982      0.5862282590E-02   0.000000000      0.9459674064E-04  0.1275538441E-03 
  13.05495014      0.8099559264E-02   0.000000000     -0.1689857614E-03  0.1329047554E-03 
  13.08753338      0.1384907009E-01   0.000000000     -0.1906585529E-04  0.1339391602E-03 
  13.11960780      0.9607638966E-02   0.000000000      0.1540192871E-03  0.1347013750E-03 
  13.15129578      0.9359022000E-02   0.000000000     -0.1456461974E-03  0.1320292131E-03 
  13.18317327      0.1594799455E-01   0.000000000     -0.6446834195E-04  0.1311822323E-03 
  13.21556340      0.1591403283E-01   0.000000000      0.6536711832E-04  0.1321427602E-03 
  13.24725573      0.8457116991E-02   0.000000000      0.1696144239E-03  0.1345643660E-03 
  13.27820019      0.3525937287E-02   0.000000000     -0.1524602463E-04  0.1405648939E-03 
  13.31008826      0.8906881808E-02   0.000000000     -0.1547450343E-03  0.1395182005E-03 
  13.34142375      0.1152573597E-01   0.000000000      0.7149555756E-04  0.1400046940E-03 
  13.37289513      0.6785861985E-02   0.000000000      0.7709172845E-04  0.1370303025E-03 
  13.40402085     -0.1401827324E-02   0.000000000      0.1781725506E-03  0.1319566421E-03 
  13.43514419     -0.4991550993E-02   0.000000000     -0.6803651363E-04  0.1340996242E-03 
  13.46779855      0.1120251030E-02   0.000000000     -0.1297882318E-03  0.1350897156E-03 
  13.50041330      0.5577790353E-03   0.000000000      0.1455148077E-03  0.1359306336E-03 
  13.53192803     -0.1175327407E-01   0.000000000      0.2427885929E-03  0.1360330216E-03 
  13.56289932     -0.1322140105E-01   0.000000000     -0.1964796794E-03  0.1339059270E-03 
  13.59427113     -0.5726535137E-02   0.000000000     -0.3751986146E-04  0.1349521339E-03 
  13.62588303     -0.2609464922E-02   0.000000000     -0.6038926522E-04  0.1404822011E-03 
  13.65699639     -0.8859578487E-02   0.000000000      0.2532901339E-03  0.1385011437E-03 
  13.68784547     -0.8632824006E-02   0.000000000     -0.2643520090E-03  0.1383270164E-03 
  13.71994335     -0.3782447446E-02   0.000000000      0.1140446207E-03  0.1357264530E-03 
  13.75205744     -0.3766377478E-02   0.000000000     -0.1117504827E-03  0.1361182430E-03 
  13.78261872     -0.3391755301E-02   0.000000000      0.9736720197E-04  0.1349722218E-03 
  13.81303467     -0.8413405267E-02   0.000000000      0.5613232010E-04  0.1344563664E-03 
  13.84403577     -0.5863561903E-02   0.000000000     -0.1378495626E-03  0.1354549792E-03 
  13.87602515      0.3665719067E-02   0.000000000     -0.1626102017E-03  0.1360613942E-03 
  13.90717967      0.2748687609E-03   0.000000000      0.2636661200E-03  0.1338690130E-03 
  13.93776293     -0.8145635299E-02   0.000000000     -0.3714187247E-05  0.1346442602E-03 
  13.96821270     -0.5366556586E-02   0.000000000     -0.8124688182E-04  0.1441864416E-03 
  13.99891235      0.2636848965E-03   0.000000000     -0.9189247044E-04  0.1479562558E-03 
  14.03003624      0.2566084307E-02   0.000000000      0.2073557273E-04  0.1477247699E-03 
  14.06076824     -0.3192414434E-02   0.000000000      0.1529175354E-03  0.1462122479E-03 
  14.09017429     -0.4850073779E-02   0.000000000     -0.1038239912E-03  0.1478333655E-03 
  14.12135241      0.2307204750E-02   0.000000000     -0.1167871641E-03  0.1475726102E-03 
  14.15284822      0.4189015553E-02   0.000000000      0.5745300091E-04  0.1462397278E-03 
  14.18363664      0.2023707774E-02   0.000000000      0.9539491611E-05  0.1445354486E-03 
  14.21249440     -0.1946104333E-02   0.000000000      0.1080891468E-03  0.1438502272E-03 
  14.24291093      0.2854540745E-02   0.000000000     -0.2560447275E-03  0.1482648487E-03 
  14.27309578      0.9187485323E-02   0.000000000      0.6337127056E-04  0.1575311269E-03 
  14.30277543      0.4278979001E-02   0.000000000      0.8378788979E-04  0.1527618258E-03 
  14.33314082      0.1255051163E-02   0.000000000      0.6960658237E-05  0.1469422420E-03 
  14.36260658      0.3289244880E-02   0.000000000     -0.6799814603E-04  0.1477785448E-03 
  14.39315182      0.9066433786E-02   0.000000000     -0.1062775810E-03  0.1471464942E-03 
  14.42316372      0.8408225321E-02   0.000000000      0.1251134164E-03  0.1463548505E-03 
  14.45318022      0.1292900708E-03   0.000000000      0.1222196561E-03  0.1485375151E-03 
  14.48263661     -0.4390645158E-03   0.000000000     -0.1042061584E-03  0.1475922862E-03 
  14.51201884      0.5493693258E-02   0.000000000     -0.7139635581E-04  0.1500771289E-03 
  14.54238235      0.1094272880E-01   0.000000000     -0.9251490105E-04  0.1487524756E-03 
  14.57251889      0.1715279299E-02   0.000000000      0.3610708403E-03  0.1497079236E-03 
  14.60119692     -0.3088481002E-02   0.000000000     -0.2217308322E-03  0.1499933282E-03 
  14.63185484      0.2498569046E-02   0.000000000      0.5661533101E-04  0.1498510028E-03 
  14.66098743      0.4627561279E-02   0.000000000     -0.1181609456E-03  0.1505489727E-03 
  14.69058643      0.3381363339E-02   0.000000000      0.1539359221E-03  0.1494699118E-03 
  14.71941493     -0.5916556706E-02   0.000000000      0.1173193855E-03  0.1491601151E-03 
  14.74884889     -0.7459845527E-02   0.000000000     -0.7422848412E-04  0.1482094732E-03 
  14.77918375      0.1607568766E-02   0.000000000     -0.1977974130E-03  0.1479449883E-03 
  14.80894774      0.2251594225E-02   0.000000000      0.1752139920E-03  0.1484138599E-03 
  14.83819313     -0.1172249177E-01   0.000000000      0.2301973941E-03  0.1487285759E-03 
  14.86626943     -0.7913334707E-02   0.000000000     -0.3420387201E-03  0.1455634876E-03 
  14.89599623      0.1548377657E-02   0.000000000      0.7043203920E-04  0.1453690738E-03 
  14.92539426     -0.1201334349E-02   0.000000000      0.1076411611E-04  0.1455990885E-03 
  14.95463236     -0.6803674832E-02   0.000000000      0.1512124608E-03  0.1466913356E-03 
  14.98317047     -0.9569685866E-02   0.000000000     -0.7093566527E-04  0.1462985299E-03 
  15.01209184     -0.6627269105E-02   0.000000000     -0.1365401649E-04  0.1513692631E-03 
  15.04087525     -0.2828860411E-03   0.000000000     -0.1699908319E-03  0.1516531174E-03 
  15.07000110      0.2513403159E-02   0.000000000      0.8835204667E-04  0.1515805361E-03 
  15.09835314     -0.8844910537E-02   0.000000000      0.2367034960E-03  0.1507662429E-03 
  15.12715553     -0.9089236876E-02   0.000000000     -0.2317023900E-03  0.1536064533E-03 
  15.15599679      0.2643401425E-02   0.000000000     -0.1068659502E-03  0.1548012086E-03 
  15.18502308      0.2860242984E-02   0.000000000      0.1001124343E-03  0.1452212355E-03 
  15.21359152     -0.3538493006E-02   0.000000000      0.8208049564E-04  0.1453794130E-03 
  15.24121850     -0.3131248409E-02   0.000000000     -0.9389765696E-04  0.1497549051E-03 
  15.27002264      0.3695062156E-02   0.000000000     -0.1021480611E-03  0.1487470353E-03 
  15.29965061      0.4347571530E-02   0.000000000      0.8413582783E-04  0.1468022370E-03 
  15.32917998     -0.1900246694E-03   0.000000000      0.4828625183E-04  0.1468407088E-03 
  15.35675590     -0.2347038475E-02   0.000000000      0.1295035841E-04  0.1480688884E-03 
  15.38502081     -0.1763394198E-03   0.000000000     -0.7516097198E-04  0.1451510796E-03 
  15.41381768      0.6754478334E-02   0.000000000     -0.1241929283E-03  0.1426164470E-03 
  15.44283668      0.5129397086E-02   0.000000000      0.1682274870E-03  0.1389511841E-03 
  15.47066382     -0.2298176036E-02   0.000000000      0.4187439783E-04  0.1288677332E-03 
  15.49843667     -0.3489463343E-03   0.000000000     -0.9847582767E-04  0.1346482995E-03 
  15.52769922      0.7040430445E-02   0.000000000     -0.1132191935E-03  0.1347162077E-03 
  15.55601349      0.1081469539E-01   0.000000000      0.4497106299E-05  0.1354910830E-03 
  15.58405274      0.9324739484E-03   0.000000000      0.2677138094E-03  0.1350816088E-03 
  15.61110163     -0.3774952771E-02   0.000000000     -0.1381808046E-03  0.1355094707E-03 
  15.63917679      0.5417507581E-02   0.000000000     -0.1185634018E-03  0.1348130901E-03 
  15.66787439      0.8486302330E-02   0.000000000      0.3179570091E-04  0.1351636648E-03 
  15.69654501      0.1851846151E-03   0.000000000      0.1991902094E-03  0.1338182451E-03 
  15.72332601     -0.1369962962E-02   0.000000000     -0.1526364117E-03  0.1330475410E-03 
  15.75070202     -0.1452909085E-03   0.000000000      0.1241123437E-03  0.1321365910E-03 
  15.77961900      0.3376989633E-02   0.000000000     -0.2258389295E-03  0.1326735661E-03 
  15.80763769      0.2819235255E-02   0.000000000      0.2342212859E-03  0.1322443671E-03 
  15.83478987     -0.4065559086E-02   0.000000000     -0.4390860517E-04  0.1314188380E-03 
  15.86225007     -0.1503022539E-02   0.000000000     -0.2655029956E-04  0.1336635202E-03 
  15.89043249      0.3702548009E-02   0.000000000     -0.1192296822E-03  0.1339499961E-03 
  15.91834500      0.2832705966E-02   0.000000000      0.1414140944E-03  0.1338793103E-03 
  15.94566855     -0.4843656223E-02   0.000000000      0.7001017219E-04  0.1353032663E-03 
  15.97313875     -0.5983384442E-02   0.000000000     -0.3904543007E-04  0.1365172954E-03 
  16.00083014     -0.6621929909E-03   0.000000000     -0.1082130507E-03  0.1361038385E-03 
  16.02855458      0.6665297566E-02   0.000000000     -0.9470443403E-04  0.1362910677E-03 
  16.05618071      0.7631963369E-03   0.000000000      0.2566934907E-03  0.1361887226E-03 
  16.08361548     -0.9632457523E-02   0.000000000      0.2911267945E-04  0.1354156312E-03 
  16.11052303     -0.4213932611E-02   0.000000000     -0.1767492197E-03  0.1343059846E-03 
  16.13809097      0.3159223580E-02   0.000000000     -0.2449831538E-04  0.1343641010E-03 
  16.16600934      0.1510849071E-02   0.000000000      0.6940789729E-04  0.1276595251E-03 
  16.19294506     -0.6440156818E-02   0.000000000      0.1461745130E-03  0.1305154130E-03 
  16.21995279     -0.7917978733E-02   0.000000000     -0.1076659838E-03  0.1354644048E-03 
  16.24758084      0.3380270674E-02   0.000000000     -0.2038450475E-03  0.1355360565E-03 
  16.27537219      0.2987314134E-02   0.000000000      0.2132111976E-03  0.1412935096E-03 
  16.30261236     -0.6312138618E-02   0.000000000      0.4192317253E-04  0.1417538253E-03 
  16.32946997     -0.3288476203E-02   0.000000000     -0.1253409670E-03  0.1423249309E-03 
  16.35744525      0.2947937055E-02   0.000000000     -0.4678789616E-04  0.1386319344E-03 
  16.38574895      0.4229255056E-02   0.000000000      0.1050253143E-04  0.1383743612E-03 
  16.41255223     -0.3090358261E-02   0.000000000      0.1850277089E-03  0.1437762368E-03 
  16.43908654     -0.6274330568E-02   0.000000000     -0.1007245270E-03  0.1438210116E-03 
  16.46621869     -0.1049180620E-02   0.000000000     -0.3967735857E-04  0.1436545860E-03 
  16.49303592      0.4979308698E-02   0.000000000     -0.1244985065E-03  0.1420310062E-03 
  16.52087189      0.4490281905E-02   0.000000000      0.1372920051E-03  0.1428285423E-03 
  16.54747407     -0.4497993722E-02   0.000000000      0.1044758337E-03  0.1433571354E-03 
  16.57388287     -0.1890187312E-02   0.000000000     -0.1741852396E-03  0.1427242782E-03 
  16.60066689      0.3727450273E-02   0.000000000      0.2525839720E-04  0.1423148247E-03 
  16.62809967      0.1470586701E-02   0.000000000      0.3603455714E-04  0.1404480420E-03 
  16.65506376     -0.9493981462E-03   0.000000000      0.2909912113E-04  0.1458008031E-03 
  16.68125936     -0.1085955646E-02   0.000000000     -0.2539270095E-04  0.1433050853E-03 
  16.70805747     -0.1510226351E-02   0.000000000      0.3742182053E-04  0.1456114330E-03 
  16.73539238      0.5290072819E-02   0.000000000     -0.2204238695E-03  0.1452367500E-03 
  16.76194236      0.3702846912E-02   0.000000000      0.2582838706E-03  0.1462510132E-03 
  16.78826487     -0.7671446896E-02   0.000000000      0.4228087130E-04  0.1452582173E-03 
  16.81466027     -0.2019343153E-03   0.000000000     -0.3216054561E-03  0.1476395999E-03 
  16.86859407      0.4630227336E-02   0.000000000      0.1688476208E-03  0.1451858224E-03 
  16.90014171     -0.4294136935E-02   0.000000000      0.1479642947E-03  0.1494924217E-03 
  16.93178674     -0.5878219958E-02   0.000000000     -0.9746955056E-04  0.1536577087E-03 
  16.96305023      0.4466354247E-02   0.000000000     -0.2280474389E-03  0.1534942158E-03 
  16.99473665      0.3670535174E-02   0.000000000      0.2507860919E-03  0.1542443118E-03 
  17.02543866     -0.3249832769E-02   0.000000000     -0.3492852729E-04  0.1525124188E-03 
  17.05705912      0.1383077640E-02   0.000000000     -0.1109143134E-03  0.1526263610E-03 
  17.08860593      0.3679180722E-02   0.000000000      0.3800804868E-04  0.1543979574E-03 
  17.11959446     -0.1351546463E-02   0.000000000      0.1182744946E-03  0.1591478474E-03 
  17.15060994     -0.2359521345E-02   0.000000000     -0.8703778887E-04  0.1580956706E-03 
  17.18160740      0.2570809749E-02   0.000000000     -0.6684396871E-04  0.1598757158E-03 
  17.21358928      0.2602060751E-02   0.000000000      0.6557835108E-04  0.1580773454E-03 
  17.24432665     -0.6334638753E-02   0.000000000      0.2116064149E-03  0.1619952711E-03 
  17.27542204     -0.5180164158E-02   0.000000000     -0.2492717711E-03  0.1627435639E-03 
  17.30665128      0.4381147884E-02   0.000000000     -0.4877722021E-04  0.1686783803E-03 
  17.33787157      0.6311278405E-03   0.000000000      0.1650873871E-03  0.1761875554E-03 
  17.36880719     -0.5370951427E-02   0.000000000      0.2141078064E-04  0.1761632389E-03 
  17.39993903     -0.2302780773E-03   0.000000000     -0.1821889156E-03  0.1739942718E-03 
  17.43130210      0.5473402651E-02   0.000000000      0.3949382751E-05  0.1701690037E-03 
  17.46217749     -0.3275107619E-02   0.000000000      0.2635391313E-03  0.1705866189E-03 
  17.49244287     -0.7691872378E-02   0.000000000     -0.1292976305E-03  0.1640448190E-03 
  17.52369288      0.3786229808E-02   0.000000000     -0.2291724189E-03  0.1651355229E-03 
  17.55546486      0.2804757656E-02   0.000000000      0.2573298463E-03  0.1635714286E-03 
  17.58606212     -0.5885301141E-02   0.000000000      0.1343206686E-04  0.1679770491E-03 
  17.61718181     -0.3167873573E-02   0.000000000     -0.9666250999E-04  0.1670806525E-03 
  17.64739522      0.3734982065E-02   0.000000000     -0.1139493740E-03  0.1632458734E-03 
  17.67795488      0.3978138592E-02   0.000000000      0.1074065092E-03  0.1656139936E-03 
  17.70864885     -0.4559594280E-02   0.000000000      0.1527456043E-03  0.1652104588E-03 
  17.73868649     -0.6471317409E-03   0.000000000     -0.2739930674E-03  0.1677158149E-03 
  17.76994706      0.5869049693E-02   0.000000000      0.7414339881E-04  0.1678934834E-03 
  17.79981565     -0.2657593378E-02   0.000000000      0.1831811623E-03  0.1738435343E-03 
  17.83001229     -0.5902418121E-02   0.000000000     -0.8642107645E-04  0.1751617533E-03 
  17.86036118      0.4308203253E-02   0.000000000     -0.2253859253E-03  0.1748611840E-03 
  17.89129862      0.8201511429E-02   0.000000000      0.1049689436E-03  0.1717880060E-03 
  17.92101673     -0.4721771310E-02   0.000000000      0.2819998126E-03  0.1680871713E-03 
  17.95091394     -0.3495576493E-02   0.000000000     -0.3228484742E-03  0.1679159051E-03 
  17.98144264      0.8245442581E-02   0.000000000     -0.3252192431E-04  0.1683217199E-03 
  18.01262709      0.4892008739E-02   0.000000000      0.1349350845E-03  0.1730984166E-03 
  18.04269252     -0.3420850539E-02   0.000000000      0.1185322136E-03  0.1717573246E-03 
  18.07333528     -0.4488192652E-02   0.000000000     -0.8648619532E-04  0.1721922931E-03 
  18.10364319      0.2523567637E-02   0.000000000     -0.1259618711E-03  0.1671393351E-03 
  18.13369521     -0.2059054633E-03   0.000000000      0.2070532546E-03  0.1701740277E-03 
  18.16363068     -0.5885200146E-02   0.000000000     -0.3644564114E-04  0.1703627494E-03 
  18.19325125      0.4000141251E-02   0.000000000     -0.2606288262E-03  0.1655028641E-03 
  18.22382757      0.6020792070E-02   0.000000000      0.1999796252E-03  0.1660620956E-03 
  18.25349308     -0.4318379501E-02   0.000000000      0.1105644328E-03  0.1671335242E-03 
  18.28362114     -0.2061576562E-02   0.000000000     -0.1799199517E-03  0.1683093761E-03 
  18.31391775      0.6644775531E-02   0.000000000     -0.8343871054E-04  0.1684834916E-03 
  18.34427913      0.3240021930E-02   0.000000000      0.1865705404E-03  0.1686290167E-03 
  18.37453336     -0.7138447612E-02   0.000000000      0.1279607111E-03  0.1644324551E-03 
  18.40488695     -0.1520227169E-02   0.000000000     -0.2981772683E-03  0.1702685536E-03 
  18.43513368      0.3318259763E-02   0.000000000      0.1512307253E-03  0.1680827738E-03 
  18.46535112     -0.1361947827E-02   0.000000000     -0.9605907299E-05  0.1689986633E-03 
  18.49478597     -0.2597990915E-02   0.000000000      0.4652621244E-04  0.1652718101E-03 
  18.52508292     -0.5785102378E-03   0.000000000     -0.1087361146E-03  0.1659363731E-03 
  18.55557305      0.2705724752E-02   0.000000000      0.8796480916E-05  0.1602930017E-03 
  18.58506052     -0.3692446507E-02   0.000000000      0.1808641836E-03  0.1556612510E-03 
  18.61482783     -0.1273521123E-02   0.000000000     -0.2563061437E-03  0.1578910924E-03 
  18.64520646      0.3264227808E-02   0.000000000      0.1212166243E-03  0.1600131260E-03 
  18.67564999     -0.3284958460E-02   0.000000000      0.7745893963E-04  0.1631883080E-03 
  18.70564790     -0.4868952858E-02   0.000000000     -0.2945734793E-04  0.1630095858E-03 
  18.73581344      0.4159322427E-02   0.000000000     -0.2401324065E-03  0.1635461277E-03 
  18.76532258      0.4225443383E-02   0.000000000      0.2347140064E-03  0.1616368859E-03 
  18.79461839     -0.4795473716E-02   0.000000000      0.3046169498E-04  0.1716699051E-03 
  18.82401499     -0.2847602265E-02   0.000000000     -0.8716239513E-04  0.1694734080E-03 
  18.85300417      0.5314945816E-02   0.000000000     -0.1536992304E-03  0.1674833746E-03 
  18.88343140      0.4813213739E-02   0.000000000      0.1695927669E-03  0.1683227639E-03 
  18.91275712     -0.4878847511E-02   0.000000000      0.1178210199E-03  0.1662578131E-03 
  18.94214137     -0.3484706158E-02   0.000000000     -0.1590394712E-03  0.1669873978E-03 
  18.97157562      0.6637793499E-02   0.000000000     -0.1384329485E-03  0.1658100045E-03 
  19.00086580      0.1385104135E-02   0.000000000      0.2891905364E-03  0.1694239516E-03 
  19.02960818     -0.6420234411E-02   0.000000000     -0.6303077162E-04  0.1631426603E-03 
  19.05918442      0.5077323421E-03   0.000000000     -0.1407756243E-03  0.1621572607E-03 
  19.08868417      0.4208235022E-02   0.000000000      0.3110845121E-04  0.1622855715E-03 
  19.11758701     -0.1697678186E-02   0.000000000      0.1407935611E-03  0.1632654691E-03 
  19.14685978     -0.3929596800E-02   0.000000000     -0.7669780838E-04  0.1624640874E-03 
  19.17639259      0.5860550739E-02   0.000000000     -0.2137622126E-03  0.1656460279E-03 
  19.20639420      0.7251458084E-02   0.000000000      0.1703659458E-03  0.1660839812E-03 
  19.23525621     -0.5952165509E-02   0.000000000      0.2125831950E-03  0.1642155706E-03 
  19.26375105     -0.5263199344E-02   0.000000000     -0.2347313792E-03  0.1700497180E-03 
  19.29321709      0.5274728529E-02   0.000000000     -0.7174893537E-04  0.1776322061E-03 
  19.32265810      0.2518530540E-02   0.000000000      0.1512442622E-03  0.1785926525E-03 
  19.35148185     -0.7317588725E-02   0.000000000      0.1343016388E-03  0.2149972673E-03 
  19.38049857      0.6527325141E-03   0.000000000     -0.3675475776E-03  0.2330517458E-03 
  19.40975790      0.6536103385E-02   0.000000000      0.1948193353E-03  0.2342752051E-03 
  19.43839363     -0.4156693829E-02   0.000000000      0.1147590518E-03  0.2339231027E-03 
  19.46769645     -0.2873113900E-02   0.000000000     -0.1532950653E-03  0.2326757108E-03 
  19.49684215      0.4732076860E-02   0.000000000     -0.6881490411E-04  0.2327663541E-03 
  19.52602210      0.2635526182E-02   0.000000000      0.1291791130E-03  0.2330241351E-03 
  19.55482150     -0.6634198316E-02   0.000000000      0.1383301476E-03  0.2320573335E-03 
  19.58349834     -0.2648160111E-02   0.000000000     -0.2546265003E-03  0.2334918507E-03 
  19.61269898      0.3670852588E-02   0.000000000      0.7315581059E-04  0.2289723733E-03 
  19.64248848     -0.2220765200E-02   0.000000000      0.1002432825E-03  0.2299505310E-03 
  19.67148447     -0.4185501181E-02   0.000000000     -0.4192200036E-04  0.2291816243E-03 
  19.70045738      0.1520256085E-02   0.000000000     -0.1221677399E-03  0.2313342565E-03 
  19.72885415      0.4478191140E-02   0.000000000      0.3717786446E-04  0.2303239828E-03 
  19.75759196     -0.3972518902E-02   0.000000000      0.2045444998E-03  0.2316750492E-03 
  19.78607652     -0.4191275552E-02   0.000000000     -0.1962731330E-03  0.2292141597E-03 
  19.81423429      0.9760323361E-02   0.000000000     -0.2025029195E-03  0.2334294733E-03 
  19.84379466      0.6303977429E-02   0.000000000      0.3044660709E-03  0.2359966884E-03 
  19.87236935     -0.1579790409E-01   0.000000000      0.3338437497E-03  0.2330634807E-03 
  19.90123443     -0.2320197452E-01   0.000000000     -0.1206363580E-03  0.2334377687E-03 
  19.92954352      0.8642882696E-02   0.000000000     -0.7942311689E-03  0.2436322433E-03 
  19.95875038      0.1469413728E-01   0.000000000      0.6153554386E-03  0.2485864033E-03 
  19.98662274     -0.1438269518E-02   0.000000000     -0.1542664419E-03  0.2424455452E-03 
  20.01547417      0.5102162359E-02   0.000000000     -0.3167228939E-04  0.2429661476E-03 
  20.04423006      0.5551489758E-02   0.000000000      0.1849837544E-04  0.2423654069E-03 
  20.07237533     -0.1283903605E-02   0.000000000      0.1744972043E-03  0.2413059362E-03 
  20.10065517     -0.2644844519E-02   0.000000000     -0.1366918834E-03  0.2410658527E-03 
  20.12904497      0.5174886121E-02   0.000000000     -0.8548621509E-04  0.2408879495E-03 
  20.15773227      0.5612326733E-03   0.000000000      0.2141896661E-03  0.2401880402E-03 
  20.18536237     -0.6859919141E-02   0.000000000     -0.5225194232E-05  0.2378933299E-03 
  20.21330704     -0.1380808088E-02   0.000000000     -0.1480838817E-03  0.2380622675E-03 
  20.24133760      0.6561373357E-02   0.000000000     -0.7547572986E-04  0.2394783361E-03 
  20.27025978      0.2191612634E-02   0.000000000      0.2015454969E-03  0.2409620929E-03 
  20.29875397     -0.6027108962E-02   0.000000000      0.3415818020E-04  0.2403005478E-03 
  20.32729265     -0.1051439247E-02   0.000000000     -0.1756422739E-03  0.2414977326E-03 
  20.35565640      0.5764063218E-02   0.000000000     -0.1806618374E-04  0.2393677023E-03 
  20.38357793     -0.5306576435E-02   0.000000000      0.3271575677E-03  0.2431012688E-03 
  20.41152048     -0.6205588920E-02   0.000000000     -0.3056081361E-03  0.2409834872E-03 
  20.44010812      0.4329158605E-02   0.000000000      0.8048835112E-05  0.2391342320E-03 
  20.46925047      0.7919820201E-02   0.000000000     -0.1101460104E-03  0.2361294474E-03 
  20.49706879     -0.4886213850E-02   0.000000000      0.4662766887E-03  0.2384758629E-03 
  20.52517529     -0.9403883204E-02   0.000000000     -0.3399678349E-03  0.2023071184E-03 
  20.55299569      0.6989438130E-02   0.000000000     -0.1203200759E-03  0.1768576352E-03 
  20.58201671      0.3530554360E-02   0.000000000      0.2192323721E-03  0.1774785550E-03 
  20.61000017     -0.2781453799E-02   0.000000000     -0.3882400336E-04  0.1800631658E-03 
  20.63819049      0.5343573208E-03   0.000000000     -0.5479007898E-04  0.1828257667E-03 
  20.66667591      0.2108400560E-02   0.000000000      0.1015427494E-04  0.1830881223E-03 
  20.69469068     -0.2407806768E-02   0.000000000      0.1151416460E-03  0.1844337646E-03 
  20.72208288     -0.3838902879E-02   0.000000000     -0.7527846528E-04  0.1869138205E-03 
  20.74993164      0.4018121445E-02   0.000000000     -0.1447491824E-03  0.1858656677E-03 
  20.77850955      0.5869703675E-02   0.000000000      0.9256372823E-04  0.1892736601E-03 
  20.80638515     -0.4345001829E-02   0.000000000      0.1926082201E-03  0.1906802762E-03 
  20.83405774     -0.5030136106E-02   0.000000000     -0.1739877112E-03  0.1938697063E-03 
  20.86206526      0.2876443282E-02   0.000000000     -0.4679615114E-04  0.1935432755E-03 
  20.89055139     -0.1008599747E-02   0.000000000      0.1563785669E-03  0.1975776354E-03 
  20.91850579     -0.7613089919E-02   0.000000000      0.2946412430E-04  0.1985171161E-03 
  20.94600957      0.3297680766E-02   0.000000000     -0.3325302129E-03  0.2031504968E-03 
  20.97405586       0.000000000       0.000000000       0.000000000      0.1948897813E-03 
