# statistical data 
# Number of points:   579
# sigma^2 Noise :    0.650E-06
# sigma   Noise :    0.806E-03
# sigma^2 k*Noise:   0.635E-04
# sigma   k*Noise:   0.797E-02
# Signal to Noise ratio:   20.4    
# K weighted S/N  ratio:   18.1    
# K              data derivative  Discontinuities  Noise spectrum   average Noise    
 0.1156943504       0.000000000       0.000000000       0.000000000       0.000000000     
 0.5247045231       0.000000000       0.000000000       0.000000000       0.000000000     
 0.7331486514       0.000000000       0.000000000       0.000000000       0.000000000     
 0.8942589409       0.000000000       0.000000000       0.000000000       0.000000000     
  1.036322378       0.000000000       0.000000000       0.000000000       0.000000000     
  1.155127265       0.000000000       0.000000000       0.000000000       0.000000000     
  1.262907906       0.000000000       0.000000000       0.000000000       0.000000000     
  1.362379782       0.000000000       0.000000000       0.000000000       0.000000000     
  1.453352787       0.000000000       0.000000000       0.000000000       0.000000000     
  1.542109203       0.000000000       0.000000000       0.000000000       0.000000000     
  1.622230533       0.000000000       0.000000000       0.000000000       0.000000000     
  1.702435238       0.000000000       0.000000000       0.000000000       0.000000000     
  1.776222481       0.000000000       0.000000000       0.000000000       0.000000000     
  1.849762184       0.000000000       0.000000000       0.000000000       0.000000000     
  1.919257615       0.000000000       0.000000000       0.000000000       0.000000000     
  1.986785501       0.000000000       0.000000000       0.000000000       0.000000000     
  2.051069036       0.000000000       0.000000000       0.000000000       0.000000000     
  2.112155927       0.000000000       0.000000000       0.000000000       0.000000000     
  2.174544518       0.000000000       0.000000000       0.000000000       0.000000000     
  2.233900414       0.000000000       0.000000000       0.000000000       0.000000000     
  2.291719499       0.000000000       0.000000000       0.000000000       0.000000000     
  2.349009309       0.000000000       0.000000000       0.000000000       0.000000000     
  2.403078806       0.000000000       0.000000000       0.000000000       0.000000000     
  2.456973220       0.000000000       0.000000000       0.000000000       0.000000000     
  2.508873808       0.000000000       0.000000000       0.000000000       0.000000000     
  2.561259808       0.000000000       0.000000000       0.000000000       0.000000000     
  2.611590843       0.000000000       0.000000000       0.000000000       0.000000000     
  2.660871426       0.000000000       0.000000000       0.000000000       0.000000000     
  2.711918466       0.000000000       0.000000000       0.000000000       0.000000000     
  2.761071837       0.000000000       0.000000000       0.000000000       0.000000000     
  2.808150601       0.000000000       0.000000000       0.000000000       0.000000000     
  2.854407023       0.000000000       0.000000000       0.000000000       0.000000000     
  2.899654183       0.000000000       0.000000000       0.000000000       0.000000000     
  2.947324401       0.000000000       0.000000000       0.000000000       0.000000000     
  2.991561155       0.000000000       0.000000000       0.000000000       0.000000000     
  3.035239706     -0.5854323886       0.000000000      0.2341879132E-04  0.2173559381E-02 
  3.077360557     -0.4914573473       0.000000000     -0.3996125319E-02  0.2158710978E-02 
  3.119796062     -0.3050569619       0.000000000     -0.3837500921E-02  0.2109826400E-02 
  3.160914861     -0.1489985950       0.000000000     -0.2681802422E-02  0.2066627855E-02 
  3.203390541     -0.1077906100       0.000000000      0.9616989439E-03  0.2027283146E-02 
  3.244663293     -0.1613461438       0.000000000      0.1241199412E-02  0.1986657743E-02 
  3.284578705     -0.2141926491       0.000000000      0.8818969278E-03  0.1949941326E-02 
  3.323896401     -0.2133279943       0.000000000     -0.9002761468E-03  0.1916924565E-02 
  3.362442217     -0.1344008668       0.000000000     -0.2173954999E-02  0.1883562166E-02 
  3.401824370     -0.1652874814E-01   0.000000000     -0.2412355280E-02  0.1855188560E-02 
  3.440183659      0.1095859979       0.000000000     -0.2461210760E-02  0.1832103279E-02 
  3.478685814      0.2041967554       0.000000000     -0.1158210968E-02  0.1802327228E-02 
  3.515982768      0.2909849298       0.000000000     -0.2095188074E-02  0.1775545383E-02 
  3.553220617      0.3678303095       0.000000000     -0.7708200505E-03  0.1748597244E-02 
  3.590730129      0.4106562732       0.000000000     -0.8148136567E-03  0.1726102946E-02 
  3.626657962      0.4336282785       0.000000000     -0.2761914946E-04  0.1710796235E-02 
  3.662376673      0.4326455812       0.000000000      0.6274127112E-04  0.1686943094E-02 
  3.698211694      0.3755545381       0.000000000      0.2007230728E-02  0.1666762860E-02 
  3.734932727      0.2341760942       0.000000000      0.3121221802E-02  0.1645462296E-02 
  3.770774245      0.5820703309E-01   0.000000000      0.3273817086E-02  0.1630452265E-02 
  3.807760481     -0.9179778083E-01   0.000000000      0.2111742944E-02  0.1612345857E-02 
  3.841249215     -0.2059531573       0.000000000      0.1836705532E-02  0.1624366324E-02 
  3.875701485     -0.2677191412       0.000000000      0.2634174852E-03  0.1505943331E-02 
  3.909783059     -0.2590040692       0.000000000     -0.5493471428E-03  0.1379143080E-02 
  3.942704822     -0.2236100861       0.000000000     -0.6365382933E-03  0.1312904237E-02 
  3.976839136     -0.1991342466       0.000000000     -0.1821477488E-03  0.1305726719E-02 
  4.009177572     -0.1803644195       0.000000000     -0.4345409381E-03  0.1291026578E-02 
  4.042263745     -0.1492108982       0.000000000     -0.5959393858E-03  0.1284927833E-02 
  4.075886275     -0.1419631220       0.000000000      0.3526838582E-03  0.1281860821E-02 
  4.108690783     -0.1315489256       0.000000000     -0.6866098246E-03  0.1238176768E-02 
  4.141172063     -0.8191055484E-01   0.000000000     -0.9423690990E-03  0.1181578363E-02 
  4.174595242     -0.5200613848E-01   0.000000000     -0.4258837815E-04  0.1119612287E-02 
  4.206692450     -0.6403104635E-01   0.000000000      0.4267066283E-03  0.1105802866E-02 
  4.238639482     -0.8164571900E-01   0.000000000      0.1363141508E-03  0.1056798498E-02 
  4.270255330     -0.1057680072       0.000000000      0.6325506382E-03  0.1054972490E-02 
  4.302431909     -0.1592865633       0.000000000      0.1066847971E-02  0.1066842608E-02 
  4.333612663     -0.1960988288       0.000000000      0.9560655505E-04  0.1075795704E-02 
  4.363608432     -0.2183740839       0.000000000      0.5845253116E-03  0.1078299247E-02 
  4.394683598     -0.2272093282       0.000000000     -0.3116287418E-03  0.1036162886E-02 
  4.424087368     -0.1870460554       0.000000000     -0.8887375963E-03  0.9186309033E-03 
  4.454239855     -0.1384331858       0.000000000     -0.5565586862E-03  0.7604228778E-03 
  4.483428657     -0.7706128730E-01   0.000000000     -0.1247725987E-02  0.6847773252E-03 
  4.512806695      0.2098415323E-02   0.000000000     -0.1068172291E-02  0.6224892181E-03 
  4.541879148      0.4915370560E-01   0.000000000     -0.3053294053E-03  0.6226013819E-03 
  4.570938946      0.6803048797E-01   0.000000000     -0.2435984311E-03  0.6195627147E-03 
  4.600071912      0.9087065164E-01   0.000000000     -0.4159976947E-03  0.6146259522E-03 
  4.628454521      0.1094686843       0.000000000     -0.1169204693E-03  0.6139520960E-03 
  4.656692320      0.1271974070       0.000000000     -0.3864435004E-03  0.6263153741E-03 
  4.685292104      0.1656089603       0.000000000     -0.7039902998E-03  0.6213528142E-03 
  4.713439965      0.2106825176       0.000000000     -0.5680335443E-03  0.6291719632E-03 
  4.741365372      0.2519039622       0.000000000     -0.5841975426E-03  0.6478865982E-03 
  4.769182298      0.2942550023       0.000000000     -0.5947505016E-03  0.6494034761E-03 
  4.796974699      0.3277436878       0.000000000     -0.3349401023E-03  0.6493695881E-03 
  4.824552604      0.3257025768       0.000000000      0.3882480924E-03  0.6465287020E-03 
  4.851892623      0.2876205386       0.000000000      0.6632639383E-03  0.6511186302E-03 
  4.879966929      0.2173169463       0.000000000      0.1292814415E-02  0.6917777724E-03 
  4.907666736      0.1388497338       0.000000000      0.8764089832E-03  0.6766015308E-03 
  4.934572874      0.8924261396E-01   0.000000000      0.4686696961E-03  0.6890956690E-03 
  4.961227296      0.4619945752E-01   0.000000000      0.6820158104E-03  0.7170982212E-03 
  4.987976063     -0.6162745803E-02   0.000000000      0.7429629554E-03  0.7171377683E-03 
  5.016701402     -0.4416292599E-01   0.000000000      0.3037877190E-03  0.7033732276E-03 
  5.042479357     -0.6681331128E-01   0.000000000      0.2941760404E-03  0.7109499116E-03 
  5.067996734     -0.9133849169E-01   0.000000000      0.3411757198E-03  0.7097343453E-03 
  5.094777353     -0.1147765628       0.000000000      0.2738155213E-03  0.7122571223E-03 
  5.120751687     -0.1101711416       0.000000000     -0.3883314919E-03  0.7338659172E-03 
  5.146594933     -0.1107780314       0.000000000      0.4018272602E-03  0.7452868832E-03 
  5.172283685     -0.1260631371       0.000000000     -0.7899640069E-05  0.7730906155E-03 
  5.197517265     -0.9057374421E-01   0.000000000     -0.8956431742E-03  0.7762867898E-03 
  5.223206809     -0.6827018474E-01   0.000000000      0.3278393245E-03  0.7738784992E-03 
  5.248445590     -0.5976928534E-01   0.000000000     -0.7179884999E-03  0.7676844881E-03 
  5.298636803     -0.1423422576E-01   0.000000000     -0.1194747022E-02  0.7683389026E-03 
  5.347375491      0.2979132673E-01   0.000000000     -0.9832460246E-03  0.7632593218E-03 
  5.397643572      0.4980788021E-01   0.000000000     -0.7297668072E-05  0.7583002453E-03 
  5.445014207      0.4604185977E-01   0.000000000      0.1865973536E-03  0.7607056320E-03 
  5.492955846      0.3149600746E-01   0.000000000      0.5067799044E-03  0.7586341905E-03 
  5.540364236     -0.1315337084E-01   0.000000000      0.1607532563E-02  0.7523098791E-03 
  5.587464329     -0.5892225051E-01   0.000000000      0.5545181664E-03  0.7252337630E-03 
  5.634752946     -0.8831536638E-01   0.000000000      0.8316663947E-03  0.7182199789E-03 
  5.681740376     -0.1358584140       0.000000000      0.1384467606E-02  0.7177581750E-03 
  5.727380165     -0.1588388955       0.000000000     -0.3152479512E-03  0.7096120272E-03 
  5.772863717     -0.1538533494       0.000000000      0.8801850800E-04  0.7055800996E-03 
  5.818420239     -0.1368602941       0.000000000     -0.8592978252E-03  0.7141573997E-03 
  5.863667587     -0.9073693786E-01   0.000000000     -0.1219730584E-02  0.7294193029E-03 
  5.908124234     -0.3798292532E-01   0.000000000     -0.1133351992E-02  0.7283063889E-03 
  5.952359082      0.1401821404E-01   0.000000000     -0.1158958625E-02  0.7270673803E-03 
  5.995786130      0.6018185493E-01   0.000000000     -0.8573647689E-03  0.7249907326E-03 
  6.039313754      0.1109469986       0.000000000     -0.1364447341E-02  0.7615268875E-03 
  6.083694804      0.1313938101       0.000000000      0.4601669333E-03  0.7976607102E-03 
  6.126190916      0.1208633241       0.000000000     -0.2939413737E-05  0.8034878372E-03 
  6.170159767      0.1132362913       0.000000000      0.3371409378E-03  0.8289905362E-03 
  6.213817502      0.9154723570E-01   0.000000000      0.6023868748E-03  0.8252392967E-03 
  6.256268760      0.7345608093E-01   0.000000000      0.1734695693E-03  0.8035729782E-03 
  6.298496409      0.6391162959E-01   0.000000000      0.2278309604E-03  0.8384418317E-03 
  6.339925384      0.4627974203E-01   0.000000000      0.5082683638E-03  0.8550160613E-03 
  6.381928498      0.3033916557E-01   0.000000000      0.1576313527E-03  0.8738532029E-03 
  6.423861253      0.2087525520E-01   0.000000000      0.2401912177E-03  0.8704981217E-03 
  6.466090330      0.8748330444E-02   0.000000000      0.2666896699E-03  0.8326686886E-03 
  6.506976627     -0.1241546377E-01   0.000000000      0.6026025132E-03  0.8290665994E-03 
  6.547828075     -0.3791703401E-01   0.000000000      0.4394606599E-03  0.8186623515E-03 
  6.588685156     -0.4851312121E-01   0.000000000     -0.6543872891E-05  0.7896918818E-03 
  6.629270639     -0.3430012916E-01   0.000000000     -0.5689954896E-03  0.7903737543E-03 
  6.669668185     -0.1288264902E-02   0.000000000     -0.7611751196E-03  0.7902701533E-03 
  6.709568263      0.4257937165E-01   0.000000000     -0.9837726645E-03  0.7788915343E-03 
  6.748668586      0.7330574181E-01   0.000000000     -0.2269536066E-03  0.7617490141E-03 
  6.787582338      0.8049047532E-01   0.000000000     -0.5334899091E-04  0.7437969199E-03 
  6.826754841      0.7742203603E-01   0.000000000      0.1737378044E-03  0.7253540722E-03 
  6.865933206      0.3382435991E-01   0.000000000      0.1527720742E-02  0.7156453098E-03 
  6.904775245     -0.4399228903E-01   0.000000000      0.1501212421E-02  0.6823543720E-03 
  6.943607894     -0.1104806404       0.000000000      0.1084149682E-02  0.6804356394E-03 
  6.982675626     -0.1725325938       0.000000000      0.1331458902E-02  0.6869224338E-03 
  7.021432541     -0.2202989720       0.000000000      0.5170019300E-03  0.6893085027E-03 
  7.059010082     -0.2305179497       0.000000000     -0.1257212269E-03  0.7196167462E-03 
  7.096943382     -0.1790214655       0.000000000     -0.1804710419E-02  0.7213565427E-03 
  7.133957645     -0.1024203905       0.000000000     -0.1059605424E-02  0.7497873625E-03 
  7.171476226     -0.4316310479E-01   0.000000000     -0.1156501957E-02  0.7825813856E-03 
  7.208999781     -0.8312197962E-02   0.000000000     -0.1507589386E-03  0.8061908477E-03 
  7.246329031     -0.6491019004E-02   0.000000000      0.8347182079E-04  0.8106341704E-03 
  7.284655998     -0.1809354292E-02   0.000000000     -0.2608862674E-03  0.8181225581E-03 
  7.322083437      0.7135328899E-02   0.000000000     -0.7703100180E-04  0.8140569959E-03 
  7.359588000      0.1536814911E-01   0.000000000     -0.2301291922E-03  0.8127641542E-03 
  7.396600805      0.3190219458E-01   0.000000000     -0.3774617923E-03  0.8131066579E-03 
  7.432493614      0.4128814413E-01   0.000000000      0.3459777289E-04  0.8198222074E-03 
  7.467844913      0.4466762623E-01   0.000000000     -0.1555539523E-03  0.8135224726E-03 
  7.504009022      0.6731162426E-01   0.000000000     -0.6567527930E-03  0.8037784420E-03 
  7.539651588      0.9833121497E-01   0.000000000     -0.4509752110E-03  0.8466164405E-03 
  7.574883919      0.1255001571       0.000000000     -0.5092857460E-03  0.8911528723E-03 
  7.610177304      0.1520343551       0.000000000     -0.4188812795E-03  0.9195960533E-03 
  7.644191996      0.1643949964       0.000000000     -0.9366108898E-05  0.8941218705E-03 
  7.679850368      0.1740162157       0.000000000     -0.3273536689E-03  0.8764400254E-03 
  7.714221287      0.2006181399       0.000000000     -0.5956504573E-03  0.8740290137E-03 
  7.748913937      0.2322994755       0.000000000     -0.4949901873E-03  0.8493046046E-03 
  7.782828117      0.2044569109       0.000000000      0.1439080237E-02  0.8497697428E-03 
  7.816998063      0.1516469231       0.000000000      0.3610702181E-03  0.8642521050E-03 
  7.851370293      0.1024560176       0.000000000      0.1313369726E-02  0.8530635360E-03 
  7.884960303      0.1950611700E-01   0.000000000      0.1506133517E-02  0.8717449642E-03 
  7.919385537     -0.6078525782E-01   0.000000000      0.1235010104E-02  0.8651024985E-03 
  7.953579277     -0.1138585120       0.000000000      0.5874136843E-03  0.8668719320E-03 
  7.988185201     -0.1528615356       0.000000000      0.7476589150E-03  0.8946661486E-03 
  8.021791238     -0.1840970676       0.000000000      0.3125710875E-03  0.9143827675E-03 
  8.055338527     -0.2033534110       0.000000000      0.3301466118E-03  0.9265082019E-03 
  8.088178844     -0.2177320038       0.000000000      0.1493904059E-03  0.9416534067E-03 
  8.122809078     -0.2478141881       0.000000000      0.8731531651E-03  0.9463272405E-03 
  8.156278747     -0.2857261345       0.000000000      0.4096364640E-03  0.9463491768E-03 
  8.189627655     -0.2805497088       0.000000000     -0.5809022884E-03  0.9477526271E-03 
  8.222905148     -0.2119300520       0.000000000     -0.1696906740E-02  0.9421787511E-03 
  8.255937247     -0.1073897979       0.000000000     -0.1760286310E-02  0.9416894234E-03 
  8.288885206     -0.1027286974E-01   0.000000000     -0.1445795007E-02  0.9383538344E-03 
  8.322018095      0.5476921355E-01   0.000000000     -0.6970017137E-03  0.9362310135E-03 
  8.354391313      0.1069037878       0.000000000     -0.1000683107E-02  0.9417091993E-03 
  8.386889919      0.1685164732       0.000000000     -0.1003276872E-02  0.9574476453E-03 
  8.419621564      0.1912444620       0.000000000      0.2616229989E-03  0.9610644371E-03 
  8.452024618      0.1663384667       0.000000000      0.5467203727E-03  0.9732483185E-03 
  8.484427655      0.1186017708       0.000000000      0.1004355134E-02  0.9584598798E-03 
  8.517108015      0.3895702272E-01   0.000000000      0.1577468705E-02  0.9645855716E-03 
  8.549110883     -0.5884329768E-01   0.000000000      0.1552945300E-02  0.9883030878E-03 
  8.580474426     -0.1375368538       0.000000000      0.9359587553E-03  0.9629788615E-03 
  8.612196117     -0.1550352522       0.000000000     -0.3811991575E-03  0.9433259649E-03 
  8.643103009     -0.9798609845E-01   0.000000000     -0.1401923816E-02  0.9879276805E-03 
  8.674686446     -0.1436827690E-01   0.000000000     -0.1222617996E-02  0.1010650557E-02 
  8.706215600      0.5447759879E-01   0.000000000     -0.9480495164E-03  0.1095531901E-02 
  8.737676039      0.1192554742       0.000000000     -0.1088442489E-02  0.1119528217E-02 
  8.768993679      0.1764362886       0.000000000     -0.7038762044E-03  0.1122778285E-02 
  8.800229692      0.1972265930       0.000000000      0.5345781171E-04  0.1120840730E-02 
  8.831355226      0.1838870554       0.000000000      0.3612867861E-03  0.1120055811E-02 
  8.862386251      0.1754874754       0.000000000     -0.9977229269E-04  0.1129950550E-02 
  8.893220468      0.1653068727       0.000000000      0.4080508349E-03  0.1100593482E-02 
  8.923271687      0.1549577017       0.000000000     -0.9235748828E-04  0.1069212911E-02 
  8.953647083      0.1622179045       0.000000000     -0.1276135189E-03  0.1099420778E-02 
  8.983992812      0.1451251180       0.000000000      0.6415574321E-03  0.1099637027E-02 
  9.013901550      0.8561292760E-01   0.000000000      0.1141381409E-02  0.1090342735E-02 
  9.043725887      0.2094513572E-01   0.000000000      0.7952067810E-03  0.1102500937E-02 
  9.074030685     -0.4187076208E-01   0.000000000      0.1089822359E-02  0.1148567007E-02 
  9.103672450     -0.1105572661       0.000000000      0.9634697670E-03  0.1216849408E-02 
  9.133649048     -0.1686970639       0.000000000      0.7756101184E-03  0.1206489120E-02 
  9.163756712     -0.2573217777       0.000000000      0.1891466831E-02  0.1194670838E-02 
  9.193879966     -0.3021140969       0.000000000     -0.5402313823E-03  0.1180170697E-02 
  9.223734121     -0.2798542146       0.000000000     -0.1633202183E-03  0.1181147792E-02 
  9.277823580     -0.2351045591       0.000000000     -0.1946931911E-02  0.1184955675E-02 
  9.321074703     -0.1584459984       0.000000000     -0.1541275994E-02  0.1174585212E-02 
  9.363102994     -0.5835399013E-01   0.000000000     -0.2692345555E-02  0.1162541892E-02 
  9.405292292      0.4104124617E-01   0.000000000     -0.1495034475E-02  0.1152976187E-02 
  9.447432088      0.8955161500E-01   0.000000000     -0.5601995253E-03  0.1168546643E-02 
  9.491154682      0.1205416500       0.000000000     -0.7671446886E-03  0.1171240670E-02 
  9.533011295      0.1310078998       0.000000000      0.3121621293E-03  0.1194003289E-02 
  9.574726046      0.9690595772E-01   0.000000000      0.1108140999E-02  0.1233445323E-02 
  9.616232550      0.5808946538E-01   0.000000000      0.5101011488E-03  0.1245522774E-02 
  9.658457437      0.3121895464E-01   0.000000000      0.6123865792E-03  0.1244307274E-02 
  9.699646232     -0.3624665104E-01   0.000000000      0.2170418189E-02  0.1253026060E-02 
  9.740701276     -0.1063840503       0.000000000      0.7105161253E-03  0.1266335192E-02 
  9.781516927     -0.1131292570       0.000000000     -0.4326594885E-03  0.1326384887E-02 
  9.822243134     -0.6721243031E-01   0.000000000     -0.1439793702E-02  0.1345681113E-02 
  9.863080579      0.1829049587E-01   0.000000000     -0.2053377901E-02  0.1351481580E-02 
  9.904054386      0.1324165568       0.000000000     -0.2599914535E-02  0.1348673247E-02 
  9.944423918      0.1946858730       0.000000000      0.6685699094E-04  0.1346891565E-02 
  9.984669660      0.1645712016       0.000000000      0.1163316001E-02  0.1344662399E-02 
  10.02620675      0.1108593548       0.000000000      0.1016964896E-02  0.1313704407E-02 
  10.06527811      0.6040291577E-01   0.000000000      0.9840264583E-03  0.1321069601E-02 
  10.10430228      0.1711165472E-01   0.000000000      0.7111305597E-03  0.1324880700E-02 
  10.14390079      0.2381359094E-01   0.000000000     -0.9932819708E-03  0.1290606427E-02 
  10.18444062      0.6386041503E-01   0.000000000     -0.6073911035E-03  0.1267389716E-02 
  10.22356188      0.8200299220E-01   0.000000000     -0.1132052038E-03  0.1194256887E-02 
  10.26282810      0.4345269569E-01   0.000000000      0.1621910546E-02  0.1173131229E-02 
  10.30184276     -0.2016776973E-01   0.000000000      0.8646269410E-03  0.1174989385E-02 
  10.34078636     -0.7989087130E-01   0.000000000      0.1468476607E-02  0.1177757034E-02 
  10.38007691     -0.1687803332       0.000000000      0.1990042362E-02  0.1178340235E-02 
  10.41831243     -0.2484388545       0.000000000      0.1098880839E-02  0.1172615946E-02 
  10.45772581     -0.2822231448       0.000000000      0.2131899714E-03  0.1172030508E-02 
  10.49621608     -0.2636236943       0.000000000     -0.9378051788E-03  0.1168309628E-02 
  10.53564940     -0.2094045468       0.000000000     -0.1165120437E-02  0.1125016851E-02 
  10.57354576     -0.1114321894       0.000000000     -0.2576679645E-02  0.1132829886E-02 
  10.61162830      0.4364073605E-02   0.000000000     -0.1834443534E-02  0.1148804219E-02 
  10.65003058      0.8146896333E-01   0.000000000     -0.1121671064E-02  0.1126157693E-02 
  10.68862637      0.1351957022       0.000000000     -0.9404229896E-03  0.1081293282E-02 
  10.72652056      0.1824729434       0.000000000     -0.8580025722E-03  0.1003628407E-02 
  10.76426915      0.1890514986       0.000000000      0.6013104014E-03  0.1004164735E-02 
  10.80119333      0.1585764510       0.000000000      0.5345454940E-03  0.9873154588E-03 
  10.83868186      0.1167433091       0.000000000      0.1033477031E-02  0.9758112032E-03 
  10.87645140      0.7165118316E-01   0.000000000      0.6557687088E-03  0.9665166447E-03 
  10.91310424      0.6629946799E-01   0.000000000     -0.4525341220E-03  0.9600636613E-03 
  10.95018568      0.7860685308E-01   0.000000000     -0.1193954862E-05  0.9504907675E-03 
  10.98716585      0.7274420138E-01   0.000000000      0.2182597814E-03  0.9457558630E-03 
  11.02423624      0.5369066963E-01   0.000000000      0.4843787797E-03  0.9457618381E-03 
  11.06079088      0.2145434460E-01   0.000000000      0.6988207747E-03  0.9103301766E-03 
  11.09749709     -0.2278306835E-01   0.000000000      0.9213978637E-03  0.9038972475E-03 
  11.13403514     -0.3737711703E-01   0.000000000     -0.3903951494E-03  0.8925898228E-03 
  11.17140520     -0.4249130459E-02   0.000000000     -0.8304663635E-03  0.8543719438E-03 
  11.20766718      0.3083255502E-01   0.000000000     -0.4530975132E-03  0.8373264528E-03 
  11.24378888      0.4790887874E-01   0.000000000     -0.1633777485E-03  0.8379991598E-03 
  11.27937607      0.2845325607E-01   0.000000000      0.8598466673E-03  0.8319687812E-03 
  11.31540802     -0.2612248574E-01   0.000000000      0.1100208412E-02  0.8146059237E-03 
  11.35137183     -0.9229188599E-01   0.000000000      0.1282613572E-02  0.7153000461E-03 
  11.38745254     -0.1248137872       0.000000000     -0.1104832002E-03  0.6571040589E-03 
  11.42301722     -0.1075678042       0.000000000     -0.5048973401E-03  0.6337527937E-03 
  11.45875782     -0.7879769109E-01   0.000000000     -0.5315526895E-03  0.6169826760E-03 
  11.49581429     -0.7017277467E-01   0.000000000      0.2180442021E-03  0.6044063361E-03 
  11.53165928     -0.7321009785E-01   0.000000000     -0.1053761877E-03  0.5975597379E-03 
  11.56734782     -0.6000031453E-01   0.000000000     -0.3617252558E-03  0.5918089700E-03 
  11.60215749     -0.3574697919E-01   0.000000000     -0.4961702115E-03  0.5700925837E-03 
  11.63830638     -0.1918741601E-01   0.000000000     -0.9175537440E-04  0.5629272603E-03 
  11.67357895     -0.3103272180E-01   0.000000000      0.5050026588E-03  0.5612619533E-03 
  11.70837541     -0.4261306428E-01   0.000000000     -0.9890442651E-04  0.5759901031E-03 
  11.74335930     -0.4306056196E-01   0.000000000      0.1151846142E-03  0.5958159036E-03 
  11.77856238     -0.4622582344E-01   0.000000000     -0.4106476371E-05  0.5908989706E-03 
  11.81356059     -0.3096130467E-01   0.000000000     -0.5298564831E-03  0.5868892564E-03 
  11.84852188      0.1764479026E-01   0.000000000     -0.1159257456E-02  0.5819045119E-03 
  11.88286127      0.8395955198E-01   0.000000000     -0.1135632718E-02  0.6122937347E-03 
  11.91765229      0.1102170173       0.000000000      0.2326067588E-03  0.6035886334E-03 
  11.95337405      0.9497432631E-01   0.000000000      0.3008821945E-03  0.6116614625E-03 
  11.98731456      0.6615046087E-01   0.000000000      0.6904034994E-03  0.6151923241E-03 
  12.02180330      0.3262428657E-01   0.000000000      0.4625321105E-03  0.6226365865E-03 
  12.05662875      0.4078097479E-01   0.000000000     -0.7497544919E-03  0.6247139739E-03 
  12.09153840      0.7425923031E-01   0.000000000     -0.4128518028E-03  0.5908809314E-03 
  12.12559001      0.9296344720E-01   0.000000000     -0.2289549004E-03  0.5916897549E-03 
  12.15958944      0.9342090503E-01   0.000000000      0.2130637378E-03  0.5867725091E-03 
  12.19353710      0.7685536406E-01   0.000000000      0.3489187317E-03  0.5854217056E-03 
  12.22737979      0.6125708530E-01   0.000000000      0.1799973530E-03  0.5865348179E-03 
  12.26140733      0.5922234725E-01   0.000000000     -0.1102159224E-03  0.5935031181E-03 
  12.29480705      0.5532790263E-01   0.000000000      0.2424513452E-03  0.6017151921E-03 
  12.32910617      0.3860021518E-01   0.000000000      0.3244910747E-03  0.6185557267E-03 
  12.36267328      0.1850965666E-01   0.000000000      0.3604196455E-03  0.6208434860E-03 
  12.39761029     -0.1603029601E-01   0.000000000      0.8185268305E-03  0.6185120069E-03 
  12.43088685     -0.6967303038E-01   0.000000000      0.9883911259E-03  0.6535898162E-03 
  12.46432724     -0.1003456416       0.000000000      0.3497001619E-04  0.6857546981E-03 
  12.49794067     -0.8508962380E-01   0.000000000     -0.5472172376E-03  0.6938548977E-03 
  12.53147440     -0.9234393507E-01   0.000000000      0.7848111188E-03  0.6912641488E-03 
  12.56458442     -0.1541328558       0.000000000      0.1266506470E-02  0.6726194968E-03 
  12.59772201     -0.1766908696       0.000000000     -0.5160418705E-03  0.6595329070E-03 
  12.63041941     -0.1373904792       0.000000000     -0.7731219877E-03  0.6586683824E-03 
  12.66317747     -0.1000882490       0.000000000     -0.4471759485E-03  0.6574671524E-03 
  12.69579932     -0.5409619070E-01   0.000000000     -0.1052580268E-02  0.6543462688E-03 
  12.72832726      0.1336452465E-01   0.000000000     -0.1146345394E-02  0.6614465349E-03 
  12.76102936      0.4859118353E-01   0.000000000     -0.2570643918E-05  0.6527702603E-03 
  12.79370942      0.5541365125E-01   0.000000000     -0.2246467803E-03  0.6612886601E-03 
  12.82767712      0.5757908595E-01   0.000000000      0.1520847824E-03  0.6788186065E-03 
  12.86017761      0.3856971238E-01   0.000000000      0.4682009201E-03  0.6796655354E-03 
  12.89256564      0.1442942070E-01   0.000000000      0.3157911362E-03  0.6899456763E-03 
  12.92522786     -0.1311920330E-01   0.000000000      0.5831110400E-03  0.6948591970E-03 
  12.95793941     -0.5321147346E-01   0.000000000      0.7235012163E-03  0.6947130320E-03 
  12.99025543     -0.1075113036       0.000000000      0.1033530581E-02  0.6975962303E-03 
  13.02244086     -0.1286843958       0.000000000     -0.3490514788E-03  0.7216051526E-03 
  13.05445648     -0.1062948665       0.000000000     -0.3734252621E-03  0.7248901911E-03 
  13.08730627     -0.5381471601E-01   0.000000000     -0.1339658125E-02  0.7316534639E-03 
  13.11986376      0.2839738092E-01   0.000000000     -0.1317748770E-02  0.7301488703E-03 
  13.15122314      0.9077444602E-01   0.000000000     -0.6685965808E-03  0.7401486200E-03 
  13.18315495      0.1235326159       0.000000000     -0.3704160701E-03  0.7503059361E-03 
  13.21493016      0.1529596712       0.000000000     -0.5715876236E-03  0.7484998174E-03 
  13.24739193      0.1947665032       0.000000000     -0.7696287317E-03  0.7251734547E-03 
  13.27905296      0.2158885793       0.000000000      0.9231038137E-04  0.7280754556E-03 
  13.31135836      0.2078196936       0.000000000      0.1651993881E-03  0.7185669210E-03 
  13.34281843      0.1848886121       0.000000000      0.5593713530E-03  0.7163305826E-03 
  13.37439093      0.1428427939       0.000000000      0.7665736206E-03  0.6985694415E-03 
  13.40591843      0.1082180787       0.000000000      0.3256248877E-03  0.6798190431E-03 
  13.43745009      0.7283228425E-01   0.000000000      0.7862530009E-03  0.6982634273E-03 
  13.46867410      0.1594129804E-01   0.000000000      0.9960425121E-03  0.6990115964E-03 
  13.50003002     -0.2546720915E-01   0.000000000      0.3023536584E-03  0.7002055598E-03 
  13.53182727     -0.6126229004E-01   0.000000000      0.8276086818E-03  0.6978028683E-03 
  13.56316297     -0.1051880088       0.000000000      0.5518783770E-03  0.6963850914E-03 
  13.59416581     -0.1249369014       0.000000000      0.6342932233E-04  0.6921943044E-03 
  13.62527147     -0.1419023735       0.000000000      0.4683532899E-03  0.6839716960E-03 
  13.65694047     -0.1955231327       0.000000000      0.1211707178E-02  0.6653655484E-03 
  13.68790347     -0.2525077687       0.000000000      0.5656624765E-03  0.6630927405E-03 
  13.71880615     -0.2372154052       0.000000000     -0.1031516484E-02  0.6629821656E-03 
  13.74934351     -0.1730490697       0.000000000     -0.9428362957E-03  0.6292971132E-03 
  13.78046076     -0.1178388118       0.000000000     -0.7676764788E-03  0.5994507590E-03 
  13.81169792     -0.6250999671E-01   0.000000000     -0.9513187822E-03  0.5902032717E-03 
  13.84242852     -0.8561031120E-02   0.000000000     -0.7124939656E-03  0.5883643259E-03 
  13.87300592      0.3029967130E-01   0.000000000     -0.4785615430E-03  0.5815230844E-03 
  13.90371427      0.6726511918E-01   0.000000000     -0.6595395310E-03  0.5687899547E-03 
  13.93479756      0.9574799899E-01   0.000000000     -0.2179441326E-03  0.5691214230E-03 
  13.96482503      0.9403837863E-01   0.000000000      0.2675998437E-03  0.5712132560E-03 
  13.99531316      0.7467845636E-01   0.000000000      0.3204928354E-03  0.5644328588E-03 
  14.02578181      0.4691001721E-01   0.000000000      0.5294284038E-03  0.5618959047E-03 
  14.05668853     -0.3254387356E-02   0.000000000      0.1008326291E-02  0.5691953506E-03 
  14.08706169     -0.2620361449E-01   0.000000000     -0.3037796811E-03  0.5575033257E-03 
  14.11767624     -0.6410100659E-02   0.000000000     -0.2999239000E-03  0.5496000288E-03 
  14.14807615      0.1289925742E-01   0.000000000     -0.2912950074E-03  0.5484978693E-03 
  14.17915129      0.1766031612E-01   0.000000000      0.1437294179E-03  0.5344740317E-03 
  14.20904103      0.2387942204E-01   0.000000000     -0.3274887241E-03  0.5287806802E-03 
  14.23904313      0.2599090433E-01   0.000000000      0.2661335149E-03  0.5394920576E-03 
  14.26935920      0.2554206395E-01   0.000000000     -0.2528769352E-03  0.5349489512E-03 
  14.29942747      0.3283012796E-01   0.000000000      0.3261462605E-04  0.4995423382E-03 
  14.32933190      0.1941650267E-01   0.000000000      0.3654876240E-03  0.4915292535E-03 
  14.35873538      0.1487497224E-01   0.000000000     -0.2312230102E-03  0.4637540235E-03 
  14.38874455      0.4007302204E-01   0.000000000     -0.5191493543E-03  0.4402584429E-03 
  14.41836362      0.5472828358E-01   0.000000000      0.8348034515E-04  0.4280407695E-03 
  14.44930249      0.5938088196E-01   0.000000000     -0.2247558370E-03  0.4007598126E-03 
  14.47904239      0.6408541919E-01   0.000000000      0.8107477372E-04  0.3856090523E-03 
  14.50921878      0.6402988261E-01   0.000000000     -0.8028064757E-04  0.3871205662E-03 
  14.53961233      0.7170070131E-01   0.000000000     -0.1536504639E-03  0.3917547570E-03 
  14.57043784      0.8835199950E-01   0.000000000     -0.3502947733E-03  0.4050201262E-03 
  14.59987706      0.9761722537E-01   0.000000000      0.6993598397E-04  0.4091926379E-03 
  14.62955305      0.7212767617E-01   0.000000000      0.6879951612E-03  0.4063482169E-03 
  14.65938381      0.2714070753E-01   0.000000000      0.6605188446E-03  0.3984307338E-03 
  14.68998479     -0.4756825119E-02   0.000000000      0.3020897545E-03  0.3680549374E-03 
  14.71961285     -0.4212154125E-01   0.000000000      0.8013176825E-03  0.3649664991E-03 
  14.74862975     -0.6240694968E-01   0.000000000     -0.2073802600E-03  0.3696392075E-03 
  14.77849541     -0.4595691135E-01   0.000000000     -0.2782790843E-03  0.3814067718E-03 
  14.80781345     -0.4506763028E-01   0.000000000      0.2498608190E-03  0.3808078645E-03 
  14.83717968     -0.7695475576E-01   0.000000000      0.6795073053E-03  0.3774585832E-03 
  14.86596710     -0.9496014488E-01   0.000000000     -0.1552508020E-03  0.3803448936E-03 
  14.89504248     -0.9151683538E-01   0.000000000      0.5586570637E-04  0.3930234695E-03 
  14.92407001     -0.9181512969E-01   0.000000000     -0.4808755407E-04  0.3931916884E-03 
  14.95426100     -0.8843582180E-01   0.000000000     -0.5193981955E-04  0.3891804349E-03 
  14.98329642     -0.9349533960E-01   0.000000000      0.1983138190E-03  0.3874609450E-03 
  15.01246798     -0.8631728712E-01   0.000000000     -0.4061814004E-03  0.3806952155E-03 
  15.04135614     -0.7149901607E-01   0.000000000     -0.2425914394E-04  0.3836438047E-03 
  15.07121641     -0.6471177885E-01   0.000000000     -0.1763071294E-03  0.3907661198E-03 
  15.10051360     -0.7684051245E-01   0.000000000      0.5251102866E-03  0.3959790100E-03 
  15.12927701     -0.6844231250E-01   0.000000000     -0.7611640214E-03  0.3983135829E-03 
  15.15798585     -0.1830574015E-01   0.000000000     -0.6857697599E-03  0.4000294326E-03 
  15.18727983      0.2106968450E-01   0.000000000     -0.4555240596E-03  0.4098239026E-03 
  15.21592234      0.3332124481E-01   0.000000000      0.9962928996E-04  0.4140586011E-03 
  15.24461434      0.3542320822E-01   0.000000000     -0.1594411654E-03  0.4030141155E-03 
  15.27309779      0.5126315755E-01   0.000000000     -0.2922625556E-03  0.4074163363E-03 
  15.30157109      0.6009914608E-01   0.000000000      0.4155040037E-04  0.4096160311E-03 
  15.33137819      0.7507237467E-01   0.000000000     -0.4767161373E-03  0.4006272084E-03 
  15.35974345      0.6813696943E-01   0.000000000      0.6620967107E-03  0.4097009956E-03 
  15.38812465      0.4651027660E-01   0.000000000     -0.4897255663E-04  0.4492778936E-03 
  15.41707498      0.4562046930E-01   0.000000000      0.7525262334E-04  0.4626211628E-03 
  15.44604751      0.5690624012E-01   0.000000000     -0.3978910542E-03  0.4502319772E-03 
  15.47439763      0.4714534463E-01   0.000000000      0.6753925705E-03  0.4836466652E-03 
  15.50317839      0.2070908663E-01   0.000000000      0.7971174035E-04  0.4893465126E-03 
  15.53151716      0.2104525943E-01   0.000000000     -0.8971893073E-04  0.4954561056E-03 
  15.56056334      0.2441152965E-01   0.000000000     -0.6855708417E-05  0.4975923361E-03 
  15.58892407      0.1587591272E-01   0.000000000      0.2482550746E-03  0.4981022244E-03 
  15.61714926      0.1818395926E-01   0.000000000     -0.3116373499E-03  0.4990531705E-03 
  15.64516417      0.4774897838E-01   0.000000000     -0.5207099444E-03  0.5051844612E-03 
  15.67349740      0.8081909500E-01   0.000000000     -0.4130638670E-03  0.5055762985E-03 
  15.70179622      0.1055047133       0.000000000     -0.2839336919E-03  0.4990996475E-03 
  15.72973546      0.1055898406       0.000000000      0.2800034481E-03  0.4843802069E-03 
  15.75772509      0.7183249097E-01   0.000000000      0.6633172654E-03  0.4721066193E-03 
  15.78560690      0.6157796692E-01   0.000000000     -0.3800615757E-03  0.4746907722E-03 
  15.81407852      0.6315894879E-01   0.000000000      0.3352184809E-03  0.4799880663E-03 
  15.84191085      0.2389480739E-01   0.000000000      0.7609158261E-03  0.4824825224E-03 
  15.86971091     -0.1791677623E-01   0.000000000      0.4039147096E-03  0.4808812945E-03 
  15.89779253     -0.5348910026E-01   0.000000000      0.5922708132E-03  0.4879618870E-03 
  15.92580816     -0.9527521925E-01   0.000000000      0.5806172572E-03  0.4828180419E-03 
  15.95397200     -0.1592847579       0.000000000      0.1198861144E-02  0.4714216231E-03 
  15.98115014     -0.1755859851       0.000000000     -0.7410391453E-03  0.4723978995E-03 
  16.00879037     -0.1520482238       0.000000000      0.9669487422E-04  0.4724936420E-03 
  16.03639933     -0.1154398477       0.000000000     -0.1127968682E-02  0.4721011885E-03 
  16.06505546     -0.5831140362E-01   0.000000000     -0.4742968290E-03  0.4625408684E-03 
  16.09217646     -0.2319584746E-01   0.000000000     -0.4929321898E-03  0.4628869255E-03 
  16.11953677      0.5680668776E-02   0.000000000     -0.2958934874E-03  0.4685390642E-03 
  16.14707015      0.2516934326E-01   0.000000000     -0.2442050206E-03  0.4685378156E-03 
  16.17564379      0.1778866306E-01   0.000000000      0.4504586265E-03  0.4669814033E-03 
  16.20308993     -0.1631560195E-01   0.000000000      0.4968696182E-03  0.4693481038E-03 
  16.23080497     -0.4224878728E-01   0.000000000      0.2166249165E-03  0.4622511008E-03 
  16.25781898     -0.5468212036E-01   0.000000000      0.1243519002E-03  0.4761204557E-03 
  16.28590019     -0.5855240616E-01   0.000000000     -0.1788116252E-04  0.5087488124E-03 
  16.31323322     -0.5693425867E-01   0.000000000     -0.2644183521E-04  0.5142219594E-03 
  16.34027158     -0.3558541822E-01   0.000000000     -0.5526019693E-03  0.5076993530E-03 
  16.36747373     -0.3210858105E-01   0.000000000      0.4606675338E-03  0.5087085500E-03 
  16.39479083     -0.3627678811E-01   0.000000000     -0.3485041037E-03  0.5103105509E-03 
  16.42222231     -0.1786346611E-01   0.000000000     -0.1539961094E-03  0.5209193290E-03 
  16.44900174      0.7327102908E-02   0.000000000     -0.5254767233E-03  0.5190069383E-03 
  16.47609605      0.3290539063E-01   0.000000000     -0.1658813155E-03  0.5160719364E-03 
  16.50366274      0.4105908178E-01   0.000000000     -0.5809871233E-04  0.5091263677E-03 
  16.53186612      0.5031179888E-01   0.000000000     -0.1981299117E-03  0.4957032466E-03 
  16.55895958      0.5392038176E-01   0.000000000      0.9634109455E-04  0.4818947200E-03 
  16.58598504      0.6434494086E-01   0.000000000     -0.3787992999E-03  0.4908350256E-03 
  16.61313241      0.8981129658E-01   0.000000000     -0.3142229056E-03  0.4745228304E-03 
  16.64072444      0.9617598399E-01   0.000000000      0.1384340957E-03  0.5058910241E-03 
  16.66726303      0.1085479489       0.000000000     -0.4675804123E-03  0.5187006071E-03 
  16.69419963      0.1260201316       0.000000000      0.4446498192E-06  0.5192141611E-03 
  16.72103790      0.1238537969       0.000000000      0.5821028970E-04  0.5241067592E-03 
  16.74835813      0.1057700149       0.000000000      0.4309968637E-03  0.5346001907E-03 
  16.77514105      0.8678280786E-01   0.000000000      0.8170896548E-04  0.5716789734E-03 
  16.80188127      0.5290802775E-01   0.000000000      0.8313880462E-03  0.5770029055E-03 
  16.82909366     -0.2120421123E-01   0.000000000      0.1168762154E-02  0.6112770462E-03 
  16.85588064     -0.4889326428E-01   0.000000000     -0.5498697165E-03  0.6129889607E-03 
  16.90738703     -0.4410805263E-01   0.000000000      0.4163726432E-03  0.6441905317E-03 
  16.93811806     -0.4106175914E-01   0.000000000     -0.4306704459E-03  0.6508219186E-03 
  16.96952810     -0.1385041167E-01   0.000000000     -0.4215094439E-03  0.6590125475E-03 
  17.00127377     -0.3260772476E-01   0.000000000      0.1008264079E-02  0.6582018023E-03 
  17.03234392     -0.7403373004E-01   0.000000000      0.2891319374E-03  0.6591942204E-03 
  17.06331903     -0.6790652623E-01   0.000000000     -0.4788176894E-03  0.6620698250E-03 
  17.09433782     -0.4513884494E-01   0.000000000     -0.2286766051E-03  0.6627813528E-03 
  17.12579850     -0.6838602539E-01   0.000000000      0.9474967320E-03  0.6628885722E-03 
  17.15634483     -0.9583890931E-01   0.000000000     -0.9576802107E-04  0.6626096247E-03 
  17.18729498     -0.7384216620E-01   0.000000000     -0.5976704347E-03  0.6694304581E-03 
  17.21968324     -0.2951618399E-01   0.000000000     -0.8015167587E-03  0.6749694844E-03 
  17.25034479      0.3501071379E-01   0.000000000     -0.1206279384E-02  0.6731465129E-03 
  17.28141515      0.1025841324       0.000000000     -0.8763365819E-03  0.6779754944E-03 
  17.31186883      0.1203939995       0.000000000      0.3299605534E-03  0.6757931219E-03 
  17.34321486      0.9317982179E-01   0.000000000      0.5136322510E-03  0.6814797659E-03 
  17.37400585      0.5046169928E-01   0.000000000      0.8045444235E-03  0.6878278190E-03 
  17.40466696     -0.2020841945E-01   0.000000000      0.1373920960E-02  0.6904228832E-03 
  17.43577843     -0.8216910305E-01   0.000000000      0.5399504873E-03  0.7283188635E-03 
  17.46646634     -0.1417603912       0.000000000      0.1282401795E-02  0.7163578970E-03 
  17.49668043     -0.1743595453       0.000000000     -0.2900918547E-03  0.6923807311E-03 
  17.52743391     -0.1240917633       0.000000000     -0.1252891928E-02  0.6946038139E-03 
  17.55817090     -0.5704672904E-01   0.000000000     -0.8055296892E-03  0.6946385789E-03 
  17.58870496     -0.4682291612E-02   0.000000000     -0.8008428666E-03  0.6979928307E-03 
  17.61961063      0.3052616200E-01   0.000000000     -0.2806031026E-03  0.6949181316E-03 
  17.65012018      0.4870880351E-01   0.000000000     -0.2757011169E-03  0.6767648983E-03 
  17.68057709      0.3618868238E-01   0.000000000      0.6542958866E-03  0.6813490831E-03 
  17.71080379      0.6183387595E-02   0.000000000      0.2553886207E-03  0.6771492341E-03 
  17.74108995      0.8779347825E-03   0.000000000     -0.9518908032E-04  0.6780881514E-03 
  17.77152386      0.9125732666E-02   0.000000000     -0.1564151161E-03  0.6616299204E-03 
  17.80228170      0.3440072821E-01   0.000000000     -0.6104969632E-03  0.6630828531E-03 
  17.83209605      0.7669378568E-01   0.000000000     -0.6643459780E-03  0.6615723205E-03 
  17.86232349      0.9951314749E-01   0.000000000     -0.2080745770E-04  0.6493551636E-03 
  17.89250719      0.1177544889       0.000000000     -0.5292879418E-03  0.6210565314E-03 
  17.92263274      0.1457336650       0.000000000     -0.3169453419E-03  0.6275191851E-03 
  17.95330711      0.1380156587       0.000000000      0.5556377485E-03  0.6263703523E-03 
  17.98387809      0.1003243288       0.000000000      0.5925250439E-03  0.6224905173E-03 
  18.01393825      0.6160861849E-01   0.000000000      0.5734319966E-03  0.6099339516E-03 
  18.04370833     -0.6907852054E-02   0.000000000      0.1468761630E-02  0.5699568126E-03 
  18.07346568     -0.5611677361E-01   0.000000000     -0.4107409415E-05  0.5648473296E-03 
  18.10303639     -0.6006290653E-01   0.000000000      0.1220761303E-03  0.5299877249E-03 
  18.13324639     -0.8601728413E-01   0.000000000      0.6524507368E-03  0.5279998545E-03 
  18.16271254     -0.9385833472E-01   0.000000000     -0.4186861089E-03  0.4922281255E-03 
  18.19294607     -0.5938589444E-01   0.000000000     -0.6101856192E-03  0.4788790105E-03 
  18.22241651     -0.4163129310E-01   0.000000000      0.7974287875E-04  0.4714840631E-03 
  18.25225636     -0.4911716120E-01   0.000000000      0.1434474521E-03  0.4725372099E-03 
  18.28222696     -0.3462678329E-01   0.000000000     -0.5767417916E-03  0.4733606483E-03 
  18.31206252     -0.1427136507E-01   0.000000000     -0.3235536176E-04  0.4619540469E-03 
  18.34281538     -0.2555580141E-02   0.000000000     -0.3212339061E-03  0.4661918387E-03 
  18.37242398      0.3846611522E-02   0.000000000      0.1255964929E-03  0.4660952054E-03 
  18.40198494     -0.1024335142E-01   0.000000000      0.2935306649E-03  0.4669116964E-03 
  18.43206094     -0.3743608361E-01   0.000000000      0.5264718020E-03  0.4573218962E-03 
  18.46268500     -0.5620112113E-01   0.000000000      0.4238920118E-04  0.4458641991E-03 
  18.49192426     -0.6205463331E-01   0.000000000      0.1306652919E-03  0.4527256690E-03 
  18.52159207     -0.3139007192E-01   0.000000000     -0.1044380344E-02  0.4461601344E-03 
  18.55143171      0.1132494744E-01   0.000000000     -0.2263925590E-03  0.4433712364E-03 
  18.58106101      0.9985973466E-02   0.000000000      0.2645810379E-03  0.4346481586E-03 
  18.61053736      0.6741125514E-02   0.000000000     -0.1681992187E-03  0.4333226403E-03 
  18.63999526      0.1344713275E-01   0.000000000     -0.3020797119E-04  0.4242818489E-03 
  18.67112168      0.6357256379E-02   0.000000000      0.2441639425E-03  0.3663865878E-03 
  18.70042801     -0.1342574702E-01   0.000000000      0.3434147276E-03  0.3664551117E-03 
  18.72984963     -0.2494233362E-01   0.000000000     -0.5253231604E-05  0.3943324561E-03 
  18.75926707     -0.3587641623E-01   0.000000000      0.3315500419E-03  0.3806218454E-03 
  18.78953244     -0.3486007651E-01   0.000000000     -0.3610280413E-03  0.3755044866E-03 
  18.81881475     -0.2161774513E-02   0.000000000     -0.6001948827E-03  0.3685806639E-03 
  18.84789144      0.3028734395E-01   0.000000000     -0.3442467458E-03  0.3743822119E-03 
  18.87677040      0.5342009415E-01   0.000000000     -0.3273631809E-03  0.3752280656E-03 
  18.90607723      0.6592510140E-01   0.000000000     -0.3677808950E-04  0.3642154577E-03 
  18.93551890      0.5097151293E-01   0.000000000      0.4717572580E-03  0.3681719133E-03 
  18.96430593      0.3228197304E-01   0.000000000      0.7387396236E-04  0.3709318929E-03 
  18.99506673      0.2198145544E-01   0.000000000      0.2343871948E-03  0.3765434400E-03 
  19.02431549      0.9529689678E-02   0.000000000      0.1348255288E-03  0.3873650019E-03 
  19.05324386      0.1060656151E-01   0.000000000     -0.1655846334E-03  0.3783890869E-03 
  19.08229343      0.3308997669E-01   0.000000000     -0.4970501407E-03  0.3806323408E-03 
  19.11254163      0.5696963939E-01   0.000000000     -0.2099502131E-03  0.3863106138E-03 
  19.14139836      0.6286909355E-01   0.000000000      0.3495509367E-04  0.3492735985E-03 
  19.17037595      0.5999542028E-01   0.000000000      0.4870368195E-04  0.3485241065E-03 
  19.19991127      0.3959387962E-01   0.000000000      0.5523273295E-03  0.3476834800E-03 
  19.22933299      0.2550812258E-01   0.000000000     -0.1367015898E-03  0.3467737204E-03 
  19.25869613      0.1039685614E-01   0.000000000      0.5711589135E-03  0.3470987647E-03 
  19.28715049     -0.1090419280E-01   0.000000000      0.4500619865E-04  0.3456682257E-03 
  19.31723416     -0.4407150279E-01   0.000000000      0.9291135900E-03  0.3428270768E-03 
  19.34593480     -0.7478691648E-01   0.000000000     -0.2623150471E-04  0.3458770279E-03 
  19.37469453     -0.6889304200E-01   0.000000000     -0.1432594535E-03  0.3422827630E-03 
  19.40345897     -0.4999325600E-01   0.000000000     -0.4077375888E-03  0.3540615153E-03 
  19.43330181     -0.2163404996E-01   0.000000000     -0.4228147583E-03  0.3421738826E-03 
  19.46204032      0.2698416007E-03   0.000000000     -0.2143352447E-03  0.3378430295E-03 
  19.49073645      0.1060420924E-01   0.000000000     -0.8308447191E-04  0.3386823918E-03 
  19.51992822      0.1730764820E-02   0.000000000      0.3419842027E-03  0.3390478234E-03 
  19.54897571     -0.2498423961E-01   0.000000000      0.4298693746E-03  0.3340316592E-03 
  19.57736343     -0.5491978404E-01   0.000000000      0.4284322581E-03  0.3338489019E-03 
  19.60623882     -0.4755823633E-01   0.000000000     -0.6456218328E-03  0.3377689647E-03 
  19.63519872     -0.2358132527E-01   0.000000000     -0.4731611038E-04  0.3427170241E-03 
  19.66357542     -0.3119190608E-01   0.000000000      0.2643935598E-03  0.3418388372E-03 
  19.69229774     -0.2511502309E-01   0.000000000     -0.4373441195E-03  0.3396609709E-03 
  19.72060558     -0.1087585669E-01   0.000000000      0.3124986943E-04  0.3382950077E-03 
  19.74917186     -0.5869204247E-02   0.000000000     -0.1741661201E-03  0.3434145687E-03 
  19.77765707      0.7816960962E-02   0.000000000     -0.2158543598E-03  0.3450577023E-03 
  19.80612119      0.1346612840E-01   0.000000000      0.5494918448E-04  0.3402995518E-03 
  19.83455770      0.8084099114E-02   0.000000000      0.9966991788E-04  0.3635989548E-03 
  19.86390483      0.9566612004E-02   0.000000000     -0.1413323109E-03  0.3566473873E-03 
  19.89188930      0.7431994494E-02   0.000000000      0.1992209088E-03  0.3573742842E-03 
  19.92028242      0.1049009185E-01   0.000000000     -0.2899105865E-03  0.3295319383E-03 
  19.94915480      0.2425961416E-01   0.000000000     -0.1048250353E-03  0.3302712832E-03 
  19.97782124      0.4113704489E-02   0.000000000      0.6770700984E-03  0.3295167780E-03 
  20.00607929     -0.1360633840E-01   0.000000000     -0.1707930582E-03  0.3231487708E-03 
  20.03410097     -0.8460540849E-02   0.000000000      0.2652714357E-04  0.3314338538E-03 
  20.06354866      0.3097595267E-02   0.000000000     -0.3603895780E-03  0.3506066692E-03 
  20.09186902      0.1934018445E-01   0.000000000     -0.1061093340E-03  0.3563050032E-03 
  20.11997993      0.3362633499E-01   0.000000000     -0.2958104496E-03  0.3523269408E-03 
  20.14807767      0.4331001172E-01   0.000000000      0.2397829141E-04  0.3486160376E-03 
  20.17696229      0.2846070904E-01   0.000000000      0.4003107888E-03  0.3558668510E-03 
  20.20524059      0.2838064540E-01   0.000000000     -0.3909748397E-03  0.3424372577E-03 
  20.23310967      0.4437656252E-01   0.000000000     -0.5806507719E-04  0.3423555244E-03 
  20.26138732      0.3103735139E-01   0.000000000      0.4332322976E-03  0.3441223787E-03 
  20.28934745      0.1263921280E-01   0.000000000      0.8388428756E-04  0.3413255264E-03 
  20.31748870     -0.3718632186E-02   0.000000000      0.3752652510E-03  0.3458691291E-03 
  20.34549428     -0.2462827838E-01   0.000000000      0.2182249420E-03  0.3494363707E-03 
  20.37541936     -0.2163623186E-01   0.000000000     -0.4178805588E-03  0.3525099745E-03 
  20.43423900      0.6313121780E-02   0.000000000     -0.8214036303E-03  0.3575322059E-03 
  20.47360605      0.1458912810E-01   0.000000000      0.3548927455E-03  0.3624939443E-03 
  20.51191874      0.9397412998E-02   0.000000000     -0.1509515350E-03  0.3672655096E-03 
  20.55008976      0.5254746003E-02   0.000000000      0.3134467038E-03  0.3714226171E-03 
  20.58942650     -0.6484682490E-02   0.000000000      0.1421301464E-03  0.3738337165E-03 
  20.62798848     -0.1077677589E-01   0.000000000      0.2471294660E-04  0.3797259056E-03 
  20.66633880     -0.1137642847E-01   0.000000000     -0.1668409087E-05  0.3646494021E-03 
  20.70563849     -0.2752007934E-01   0.000000000      0.6290494217E-03  0.3698832124E-03 
  20.74407300     -0.2423244655E-01   0.000000000     -0.7543242528E-03  0.3768933364E-03 
  20.78311205     -0.1539186706E-01   0.000000000      0.4099167993E-03  0.3775384810E-03 
  20.82118296     -0.2771797828E-01   0.000000000      0.6476041605E-04  0.3847143651E-03 
  20.85964363     -0.2209310933E-01   0.000000000     -0.2841521013E-03  0.3881180682E-03 
  20.89885610     -0.3086249197E-01   0.000000000      0.6227978485E-03  0.3968079822E-03 
  20.93708634     -0.4158229626E-01   0.000000000     -0.2042301211E-03  0.3966404103E-03 
  20.97496536       0.000000000       0.000000000       0.000000000      0.3969215660E-03 
